Feb 26, 2014 3:21:20 PM edu.wpi.always.srummy.SrummyPlugin main
INFO: Rummy by s11 - Condition: 3
Feb 26, 2014 3:21:42 PM edu.wpi.always.srummy.SrummySchema logTheHappinessValue
INFO: Happiness value: 18
Feb 26, 2014 3:21:43 PM edu.wpi.always.srummy.SrummySchema logTheHappinessValue
INFO: Happiness value: 48
Feb 26, 2014 3:21:44 PM edu.wpi.always.srummy.StartGamingSequence$2 run
INFO: User chosed to go second
Feb 26, 2014 3:21:44 PM edu.wpi.always.srummy.SrummySchema logTheHappinessValue
INFO: Happiness value: 0
Feb 26, 2014 3:21:45 PM edu.wpi.always.srummy.SrummySchema logTheHappinessValue
INFO: Happiness value: 2
Feb 26, 2014 3:21:45 PM edu.wpi.always.srummy.SrummyClient receivedMessage
INFO: agent discarded: 0.4
Feb 26, 2014 3:21:45 PM edu.wpi.always.srummy.SrummySchema logTheHappinessValue
INFO: Happiness value: 46
Feb 26, 2014 3:21:46 PM edu.wpi.always.srummy.SrummySchema logTheHappinessValue
INFO: Happiness value: 12
Feb 26, 2014 3:21:50 PM edu.wpi.always.srummy.SrummySchema logTheHappinessValue
INFO: Happiness value: 24
Feb 26, 2014 3:21:50 PM edu.wpi.always.srummy.SrummySchema logTheHappinessValue
INFO: Happiness value: 72
Feb 26, 2014 3:21:51 PM edu.wpi.always.srummy.SrummySchema logTheHappinessValue
INFO: Happiness value: 56
Feb 26, 2014 3:21:52 PM edu.wpi.always.srummy.SrummySchema logTheHappinessValue
INFO: Happiness value: 0
Feb 26, 2014 3:21:54 PM edu.wpi.always.srummy.StartGamingSequence$HumanResponds <init>
INFO: User Response Options are:
Feb 26, 2014 3:21:54 PM edu.wpi.always.srummy.StartGamingSequence$HumanResponds <init>
INFO: Good!
Feb 26, 2014 3:21:54 PM edu.wpi.always.srummy.StartGamingSequence$HumanResponds <init>
INFO: Terrible!
Feb 26, 2014 3:21:54 PM edu.wpi.always.srummy.StartGamingSequence$HumanResponds <init>
INFO: Not gonna tell you!
Feb 26, 2014 3:21:58 PM edu.wpi.always.srummy.StartGamingSequence$HumanResponds$1 run
INFO: User selected response: Good!
Feb 26, 2014 3:21:59 PM edu.wpi.always.srummy.SrummySchema logTheHappinessValue
INFO: Happiness value: 25
Feb 26, 2014 3:22:01 PM edu.wpi.always.srummy.SrummySchema logTheHappinessValue
INFO: Happiness value: 64
Feb 26, 2014 3:22:11 PM edu.wpi.always.srummy.SrummySchema logTheHappinessValue
INFO: Happiness value: 80
Feb 26, 2014 3:22:13 PM edu.wpi.always.srummy.SrummyClient receivedMessage
INFO: User discarded: 0.4
Feb 26, 2014 3:22:14 PM edu.wpi.always.srummy.SrummySchema logTheHappinessValue
INFO: Happiness value: 0
Feb 26, 2014 3:22:17 PM edu.wpi.always.srummy.StartGamingSequence$HumanResponds <init>
INFO: User Response Options are:
Feb 26, 2014 3:22:17 PM edu.wpi.always.srummy.StartGamingSequence$HumanResponds <init>
INFO: Show me what you can do!
Feb 26, 2014 3:22:17 PM edu.wpi.always.srummy.StartGamingSequence$HumanResponds <init>
INFO: Well go ahead
Feb 26, 2014 3:22:17 PM edu.wpi.always.srummy.StartGamingSequence$HumanResponds <init>
INFO: Good
Feb 26, 2014 3:22:21 PM edu.wpi.always.srummy.SrummySchema logTheHappinessValue
INFO: Happiness value: 40
Feb 26, 2014 3:22:23 PM edu.wpi.always.srummy.SrummyClient receivedMessage
INFO: agent discarded: 0.4
Feb 26, 2014 3:22:33 PM edu.wpi.always.srummy.SrummySchema logTheHappinessValue
INFO: Happiness value: 19
Feb 26, 2014 3:22:33 PM edu.wpi.always.srummy.SrummySchema logTheHappinessValue
INFO: Happiness value: 67
Feb 26, 2014 3:22:36 PM edu.wpi.always.srummy.SrummySchema logTheHappinessValue
INFO: Happiness value: 6
Feb 26, 2014 3:22:42 PM edu.wpi.always.srummy.SrummyClient receivedMessage
INFO: User discarded: 0.4
Feb 26, 2014 3:22:43 PM edu.wpi.always.srummy.SrummySchema logTheHappinessValue
INFO: Happiness value: 0
Feb 26, 2014 3:22:43 PM edu.wpi.always.srummy.SrummySchema logTheHappinessValue
INFO: Happiness value: 42
Feb 26, 2014 3:22:43 PM edu.wpi.always.srummy.SrummyClient receivedMessage
INFO: agent discarded: 0.4
Feb 26, 2014 3:22:44 PM edu.wpi.always.srummy.SrummySchema logTheHappinessValue
INFO: Happiness value: 33
Feb 26, 2014 3:22:45 PM edu.wpi.always.srummy.SrummySchema logTheHappinessValue
INFO: Happiness value: 57
Feb 26, 2014 3:22:53 PM edu.wpi.always.srummy.SrummySchema logTheHappinessValue
INFO: Happiness value: 72
Feb 26, 2014 3:22:53 PM edu.wpi.always.srummy.SrummySchema logTheHappinessValue
INFO: Happiness value: 62
Feb 26, 2014 3:22:54 PM edu.wpi.always.srummy.SrummySchema logTheHappinessValue
INFO: Happiness value: 43
Feb 26, 2014 3:22:56 PM edu.wpi.always.srummy.SrummySchema logTheHappinessValue
INFO: Happiness value: 54
Feb 26, 2014 3:22:59 PM edu.wpi.always.srummy.SrummyClient receivedMessage
INFO: User melded: 0.8
Feb 26, 2014 3:23:06 PM edu.wpi.always.srummy.SrummyClient receivedMessage
INFO: User discarded: 0.4
Feb 26, 2014 3:23:06 PM edu.wpi.always.srummy.StartGamingSequence$HumanComments <init>
INFO: User Comment Options on a human move are:
Feb 26, 2014 3:23:06 PM edu.wpi.always.srummy.StartGamingSequence$HumanComments <init>
INFO: Here I go, meld!
Feb 26, 2014 3:23:06 PM edu.wpi.always.srummy.StartGamingSequence$HumanComments <init>
INFO: I got good cards!
Feb 26, 2014 3:23:06 PM edu.wpi.always.srummy.StartGamingSequence$HumanComments <init>
INFO: Best meld ever!
Feb 26, 2014 3:23:09 PM edu.wpi.always.srummy.SrummySchema logTheHappinessValue
INFO: Happiness value: 93
Feb 26, 2014 3:23:09 PM edu.wpi.always.srummy.SrummySchema logTheHappinessValue
INFO: Happiness value: 26
Feb 26, 2014 3:23:11 PM edu.wpi.always.srummy.SrummySchema logTheHappinessValue
INFO: Happiness value: 63
Feb 26, 2014 3:23:14 PM edu.wpi.always.srummy.SrummySchema logTheHappinessValue
INFO: Happiness value: 97
Feb 26, 2014 3:23:14 PM edu.wpi.always.srummy.SrummySchema logTheHappinessValue
INFO: Happiness value: 100
Feb 26, 2014 3:23:15 PM edu.wpi.always.srummy.SrummyClient receivedMessage
INFO: agent discarded: 0.4
Feb 26, 2014 3:23:15 PM edu.wpi.always.srummy.SrummySchema logTheHappinessValue
INFO: Happiness value: 58
Feb 26, 2014 3:23:16 PM edu.wpi.always.srummy.SrummySchema logTheHappinessValue
INFO: Happiness value: 4
Feb 26, 2014 3:23:24 PM edu.wpi.always.srummy.StartGamingSequence$HumanResponds <init>
INFO: User Response Options are:
Feb 26, 2014 3:23:24 PM edu.wpi.always.srummy.StartGamingSequence$HumanResponds <init>
INFO: How intelligent can a toaster be anyway?
Feb 26, 2014 3:23:24 PM edu.wpi.always.srummy.StartGamingSequence$HumanResponds <init>
INFO: Bragging won't get you to win Madam agent
Feb 26, 2014 3:23:24 PM edu.wpi.always.srummy.StartGamingSequence$HumanResponds <init>
INFO: Oh really? tell me, who made you?
Feb 26, 2014 3:23:29 PM edu.wpi.always.srummy.StartGamingSequence$HumanResponds$1 run
INFO: User selected response: Oh really? tell me, who made you?
Feb 26, 2014 3:23:29 PM edu.wpi.always.srummy.SrummySchema logTheHappinessValue
INFO: Happiness value: 100
Feb 26, 2014 3:23:30 PM edu.wpi.always.srummy.SrummySchema logTheHappinessValue
INFO: Happiness value: 87
Feb 26, 2014 3:23:31 PM edu.wpi.always.srummy.SrummySchema logTheHappinessValue
INFO: Happiness value: 100
Feb 26, 2014 3:23:37 PM edu.wpi.always.srummy.SrummyClient receivedMessage
INFO: User discarded: 0.4
Feb 26, 2014 3:23:38 PM edu.wpi.always.srummy.SrummySchema logTheHappinessValue
INFO: Happiness value: 91
Feb 26, 2014 3:23:39 PM edu.wpi.always.srummy.SrummySchema logTheHappinessValue
INFO: Happiness value: 50
Feb 26, 2014 3:23:39 PM edu.wpi.always.srummy.SrummyClient receivedMessage
INFO: agent discarded: 0.4
Feb 26, 2014 3:23:43 PM edu.wpi.always.srummy.SrummySchema logTheHappinessValue
INFO: Happiness value: 64
Feb 26, 2014 3:23:48 PM edu.wpi.always.srummy.StartGamingSequence$HumanResponds <init>
INFO: User Response Options are:
Feb 26, 2014 3:23:48 PM edu.wpi.always.srummy.StartGamingSequence$HumanResponds <init>
INFO: I won't let you
Feb 26, 2014 3:23:48 PM edu.wpi.always.srummy.StartGamingSequence$HumanResponds <init>
INFO: Well do your best
Feb 26, 2014 3:23:48 PM edu.wpi.always.srummy.StartGamingSequence$HumanResponds <init>
INFO: It's just a game
Feb 26, 2014 3:23:51 PM edu.wpi.always.srummy.StartGamingSequence$HumanResponds$1 run
INFO: User selected response: Well do your best
Feb 26, 2014 3:23:51 PM edu.wpi.always.srummy.SrummySchema logTheHappinessValue
INFO: Happiness value: 48
Feb 26, 2014 3:23:52 PM edu.wpi.always.srummy.SrummyClient receivedMessage
INFO: User discarded: 0.4
Feb 26, 2014 3:23:53 PM edu.wpi.always.srummy.StartGamingSequence$HumanComments <init>
INFO: User Comment Options on a human move are:
Feb 26, 2014 3:23:53 PM edu.wpi.always.srummy.StartGamingSequence$HumanComments <init>
INFO: Now did you see that?
Feb 26, 2014 3:23:53 PM edu.wpi.always.srummy.StartGamingSequence$HumanComments <init>
INFO: I like playing with you
Feb 26, 2014 3:23:54 PM edu.wpi.always.srummy.SrummySchema logTheHappinessValue
INFO: Happiness value: 36
Feb 26, 2014 3:23:54 PM edu.wpi.always.srummy.SrummySchema logTheHappinessValue
INFO: Happiness value: 74
Feb 26, 2014 3:23:55 PM edu.wpi.always.srummy.SrummySchema logTheHappinessValue
INFO: Happiness value: 50
Feb 26, 2014 3:23:55 PM edu.wpi.always.srummy.SrummySchema logTheHappinessValue
INFO: Happiness value: 56
Feb 26, 2014 3:23:56 PM edu.wpi.always.srummy.SrummySchema logTheHappinessValue
INFO: Happiness value: 80
Feb 26, 2014 3:23:56 PM edu.wpi.always.srummy.SrummySchema logTheHappinessValue
INFO: Happiness value: 54
Feb 26, 2014 3:23:57 PM edu.wpi.always.srummy.StartGamingSequence$HumanComments$1 run
INFO: User selected response: I like playing with you
Feb 26, 2014 3:23:57 PM edu.wpi.always.srummy.StartGamingSequence$AgentResponds enter
INFO: Agent Responded: 
Feb 26, 2014 3:23:58 PM edu.wpi.always.srummy.SrummySchema logTheHappinessValue
INFO: Happiness value: 0
Feb 26, 2014 3:23:59 PM edu.wpi.always.srummy.SrummySchema logTheHappinessValue
INFO: Happiness value: 3
Feb 26, 2014 3:24:01 PM edu.wpi.always.srummy.SrummyClient receivedMessage
INFO: agent discarded: 0.4
Feb 26, 2014 3:24:10 PM edu.wpi.always.srummy.StartGamingSequence$HumanResponds <init>
INFO: User Response Options are:
Feb 26, 2014 3:24:10 PM edu.wpi.always.srummy.StartGamingSequence$HumanResponds <init>
INFO: I won't let you
Feb 26, 2014 3:24:10 PM edu.wpi.always.srummy.StartGamingSequence$HumanResponds <init>
INFO: It's just a game
Feb 26, 2014 3:24:10 PM edu.wpi.always.srummy.StartGamingSequence$HumanResponds <init>
INFO: Well do your best
Feb 26, 2014 3:24:16 PM edu.wpi.always.srummy.SrummyClient receivedMessage
INFO: User melded: 0.8
Feb 26, 2014 3:24:18 PM edu.wpi.always.srummy.SrummyClient receivedMessage
INFO: User discarded: 0.4
Feb 26, 2014 3:24:18 PM edu.wpi.always.srummy.StartGamingSequence$HumanResponds humanMoveReceived
INFO: User skipped response.
Feb 26, 2014 3:24:19 PM edu.wpi.always.srummy.SrummySchema logTheHappinessValue
INFO: Happiness value: 19
Feb 26, 2014 3:24:19 PM edu.wpi.always.srummy.SrummySchema logTheHappinessValue
INFO: Happiness value: 84
Feb 26, 2014 3:24:20 PM edu.wpi.always.srummy.SrummySchema logTheHappinessValue
INFO: Happiness value: 98
Feb 26, 2014 3:24:21 PM edu.wpi.always.srummy.StartGamingSequence$HumanResponds <init>
INFO: User Response Options are:
Feb 26, 2014 3:24:21 PM edu.wpi.always.srummy.StartGamingSequence$HumanResponds <init>
INFO: Haha, sure!
Feb 26, 2014 3:24:21 PM edu.wpi.always.srummy.StartGamingSequence$HumanResponds <init>
INFO: Really?!
Feb 26, 2014 3:24:21 PM edu.wpi.always.srummy.StartGamingSequence$HumanResponds <init>
INFO: You too!
Feb 26, 2014 3:24:22 PM edu.wpi.always.srummy.SrummySchema logTheHappinessValue
INFO: Happiness value: 46
Feb 26, 2014 3:24:22 PM edu.wpi.always.srummy.SrummySchema logTheHappinessValue
INFO: Happiness value: 1
Feb 26, 2014 3:24:25 PM edu.wpi.always.srummy.StartGamingSequence$HumanResponds$1 run
INFO: User selected response: You too!
Feb 26, 2014 3:24:25 PM edu.wpi.always.srummy.SrummySchema logTheHappinessValue
INFO: Happiness value: 21
Feb 26, 2014 3:24:26 PM edu.wpi.always.srummy.SrummyClient receivedMessage
INFO: agent melded: 0.8
Feb 26, 2014 3:24:32 PM edu.wpi.always.srummy.SrummyClient receivedMessage
INFO: agent discarded: 0.4
Feb 26, 2014 3:24:36 PM edu.wpi.always.srummy.SrummySchema logTheHappinessValue
INFO: Happiness value: 8
Feb 26, 2014 3:24:37 PM edu.wpi.always.srummy.StartGamingSequence$HumanResponds <init>
INFO: User Response Options are:
Feb 26, 2014 3:24:37 PM edu.wpi.always.srummy.StartGamingSequence$HumanResponds <init>
INFO: Wait for mine!
Feb 26, 2014 3:24:37 PM edu.wpi.always.srummy.StartGamingSequence$HumanResponds <init>
INFO: Don't get too excited!
Feb 26, 2014 3:24:37 PM edu.wpi.always.srummy.StartGamingSequence$HumanResponds <init>
INFO: Not really madam robot
Feb 26, 2014 3:24:46 PM edu.wpi.always.srummy.SrummySchema logTheHappinessValue
INFO: Happiness value: 100
Feb 26, 2014 3:24:50 PM edu.wpi.always.srummy.SrummySchema logTheHappinessValue
INFO: Happiness value: 97
Feb 26, 2014 3:24:51 PM edu.wpi.always.srummy.SrummySchema logTheHappinessValue
INFO: Happiness value: 53
Feb 26, 2014 3:24:55 PM edu.wpi.always.srummy.SrummySchema logTheHappinessValue
INFO: Happiness value: 100
Feb 26, 2014 3:24:57 PM edu.wpi.always.srummy.SrummySchema logTheHappinessValue
INFO: Happiness value: 98
Feb 26, 2014 3:24:57 PM edu.wpi.always.srummy.SrummySchema logTheHappinessValue
INFO: Happiness value: 97
Feb 26, 2014 3:25:01 PM edu.wpi.always.srummy.SrummySchema logTheHappinessValue
INFO: Happiness value: 100
Feb 26, 2014 3:25:02 PM edu.wpi.always.srummy.SrummyClient receivedMessage
INFO: User discarded: 0.4
Feb 26, 2014 3:25:02 PM edu.wpi.always.srummy.StartGamingSequence$HumanResponds humanMoveReceived
INFO: User skipped response.
Feb 26, 2014 3:25:03 PM edu.wpi.always.srummy.SrummySchema logTheHappinessValue
INFO: Happiness value: 77
Feb 26, 2014 3:25:04 PM edu.wpi.always.srummy.SrummySchema logTheHappinessValue
INFO: Happiness value: 74
Feb 26, 2014 3:25:05 PM edu.wpi.always.srummy.StartGamingSequence$HumanResponds <init>
INFO: User Response Options are:
Feb 26, 2014 3:25:05 PM edu.wpi.always.srummy.StartGamingSequence$HumanResponds <init>
INFO: Good
Feb 26, 2014 3:25:05 PM edu.wpi.always.srummy.StartGamingSequence$HumanResponds <init>
INFO: Well go ahead
Feb 26, 2014 3:25:05 PM edu.wpi.always.srummy.StartGamingSequence$HumanResponds <init>
INFO: Show me what you can do!
Feb 26, 2014 3:25:08 PM edu.wpi.always.srummy.StartGamingSequence$HumanResponds$1 run
INFO: User selected response: Show me what you can do!
Feb 26, 2014 3:25:09 PM edu.wpi.always.srummy.SrummyClient receivedMessage
INFO: agent discarded: 0.4
Feb 26, 2014 3:25:20 PM edu.wpi.always.srummy.SrummyClient receivedMessage
INFO: User discarded: 0.4
Feb 26, 2014 3:25:20 PM edu.wpi.always.srummy.StartGamingSequence$HumanComments <init>
INFO: User Comment Options on a human move are:
Feb 26, 2014 3:25:20 PM edu.wpi.always.srummy.StartGamingSequence$HumanComments <init>
INFO: Now did you see that?
Feb 26, 2014 3:25:20 PM edu.wpi.always.srummy.StartGamingSequence$HumanComments <init>
INFO: I like playing with you
Feb 26, 2014 3:25:21 PM edu.wpi.always.srummy.SrummySchema logTheHappinessValue
INFO: Happiness value: 34
Feb 26, 2014 3:25:22 PM edu.wpi.always.srummy.SrummySchema logTheHappinessValue
INFO: Happiness value: 31
Feb 26, 2014 3:25:24 PM edu.wpi.always.srummy.SrummySchema logTheHappinessValue
INFO: Happiness value: 1
Feb 26, 2014 3:25:24 PM edu.wpi.always.srummy.SrummyClient receivedMessage
INFO: agent discarded: 0.4
Feb 26, 2014 3:25:24 PM edu.wpi.always.srummy.SrummySchema logTheHappinessValue
INFO: Happiness value: 0
Feb 26, 2014 3:25:32 PM edu.wpi.always.srummy.SrummySchema logTheHappinessValue
INFO: Happiness value: 90
Feb 26, 2014 3:25:32 PM edu.wpi.always.srummy.SrummySchema logTheHappinessValue
INFO: Happiness value: 72
Feb 26, 2014 3:25:33 PM edu.wpi.always.srummy.StartGamingSequence$HumanResponds <init>
INFO: User Response Options are:
Feb 26, 2014 3:25:33 PM edu.wpi.always.srummy.StartGamingSequence$HumanResponds <init>
INFO: Good
Feb 26, 2014 3:25:33 PM edu.wpi.always.srummy.StartGamingSequence$HumanResponds <init>
INFO: Me too
Feb 26, 2014 3:25:33 PM edu.wpi.always.srummy.StartGamingSequence$HumanResponds <init>
INFO: It is fun to play with you
Feb 26, 2014 3:25:35 PM edu.wpi.always.srummy.StartGamingSequence$HumanResponds$1 run
INFO: User selected response: Me too
Feb 26, 2014 3:25:36 PM edu.wpi.always.srummy.SrummySchema logTheHappinessValue
INFO: Happiness value: 90
Feb 26, 2014 3:25:37 PM edu.wpi.always.srummy.SrummySchema logTheHappinessValue
INFO: Happiness value: 100
Feb 26, 2014 3:25:41 PM edu.wpi.always.srummy.SrummyClient receivedMessage
INFO: User melded: 0.8
Feb 26, 2014 3:25:42 PM edu.wpi.always.srummy.SrummyClient receivedMessage
INFO: User discarded: 0.4
Feb 26, 2014 3:25:44 PM edu.wpi.always.srummy.SrummySchema logTheHappinessValue
INFO: Happiness value: 24
Feb 26, 2014 3:25:44 PM edu.wpi.always.srummy.SrummySchema logTheHappinessValue
INFO: Happiness value: 22
Feb 26, 2014 3:25:46 PM edu.wpi.always.srummy.StartGamingSequence$HumanResponds <init>
INFO: User Response Options are:
Feb 26, 2014 3:25:46 PM edu.wpi.always.srummy.StartGamingSequence$HumanResponds <init>
INFO: I know
Feb 26, 2014 3:25:46 PM edu.wpi.always.srummy.StartGamingSequence$HumanResponds <init>
INFO: Too soon to say
Feb 26, 2014 3:25:46 PM edu.wpi.always.srummy.StartGamingSequence$HumanResponds <init>
INFO: Fingers crossed
Feb 26, 2014 3:25:49 PM edu.wpi.always.srummy.StartGamingSequence$HumanResponds$1 run
INFO: User selected response: Fingers crossed
Feb 26, 2014 3:25:49 PM edu.wpi.always.srummy.SrummySchema logTheHappinessValue
INFO: Happiness value: 18
Feb 26, 2014 3:25:50 PM edu.wpi.always.srummy.SrummyClient receivedMessage
INFO: agent laid off: 0.6
Feb 26, 2014 3:25:51 PM edu.wpi.always.srummy.SrummySchema logTheHappinessValue
INFO: Happiness value: 0
Feb 26, 2014 3:25:51 PM edu.wpi.always.srummy.SrummySchema logTheHappinessValue
INFO: Happiness value: 29
Feb 26, 2014 3:25:52 PM edu.wpi.always.srummy.SrummySchema logTheHappinessValue
INFO: Happiness value: 34
Feb 26, 2014 3:25:52 PM edu.wpi.always.srummy.SrummySchema logTheHappinessValue
INFO: Happiness value: 32
Feb 26, 2014 3:25:53 PM edu.wpi.always.srummy.SrummySchema logTheHappinessValue
INFO: Happiness value: 34
Feb 26, 2014 3:25:53 PM edu.wpi.always.srummy.SrummySchema logTheHappinessValue
INFO: Happiness value: 9
Feb 26, 2014 3:25:54 PM edu.wpi.always.srummy.SrummySchema logTheHappinessValue
INFO: Happiness value: 0
Feb 26, 2014 3:25:56 PM edu.wpi.always.srummy.SrummyClient receivedMessage
INFO: agent discarded: 0.4
Feb 26, 2014 3:25:57 PM edu.wpi.always.srummy.StartGamingSequence$HumanComments <init>
INFO: User Comment Options on a agent move are:
Feb 26, 2014 3:25:57 PM edu.wpi.always.srummy.StartGamingSequence$HumanComments <init>
INFO: Lay offs are very helpful
Feb 26, 2014 3:25:57 PM edu.wpi.always.srummy.StartGamingSequence$HumanComments <init>
INFO: Keep the cards, why lay off?
Feb 26, 2014 3:25:57 PM edu.wpi.always.srummy.StartGamingSequence$HumanComments <init>
INFO: Good job on lay off
Feb 26, 2014 3:26:04 PM edu.wpi.always.srummy.StartGamingSequence$HumanComments$1 run
INFO: User selected response: Good job on lay off
Feb 26, 2014 3:26:04 PM edu.wpi.always.srummy.StartGamingSequence$AgentResponds enter
INFO: Agent Responded: I am very happy to hear that
Feb 26, 2014 3:26:08 PM edu.wpi.always.srummy.SrummySchema logTheHappinessValue
INFO: Happiness value: 100
Feb 26, 2014 3:26:10 PM edu.wpi.always.srummy.SrummySchema logTheHappinessValue
INFO: Happiness value: 63
Feb 26, 2014 3:26:12 PM edu.wpi.always.srummy.SrummySchema logTheHappinessValue
INFO: Happiness value: 100
Feb 26, 2014 3:26:17 PM edu.wpi.always.srummy.SrummySchema logTheHappinessValue
INFO: Happiness value: 97
Feb 26, 2014 3:26:19 PM edu.wpi.always.srummy.SrummySchema logTheHappinessValue
INFO: Happiness value: 100
Feb 26, 2014 3:26:25 PM edu.wpi.always.srummy.SrummyClient receivedMessage
INFO: User discarded: 0.4
Feb 26, 2014 3:26:25 PM edu.wpi.always.srummy.StartGamingSequence$HumanComments <init>
INFO: User Comment Options on a human move are:
Feb 26, 2014 3:26:25 PM edu.wpi.always.srummy.StartGamingSequence$HumanComments <init>
INFO: Now did you see that?
Feb 26, 2014 3:26:25 PM edu.wpi.always.srummy.StartGamingSequence$HumanComments <init>
INFO: I like playing with you
Feb 26, 2014 3:26:27 PM edu.wpi.always.srummy.SrummySchema logTheHappinessValue
INFO: Happiness value: 14
Feb 26, 2014 3:26:27 PM edu.wpi.always.srummy.SrummySchema logTheHappinessValue
INFO: Happiness value: 100
Feb 26, 2014 3:26:29 PM edu.wpi.always.srummy.SrummyClient receivedMessage
INFO: agent discarded: 0.4
Feb 26, 2014 3:26:38 PM edu.wpi.always.srummy.StartGamingSequence$HumanResponds <init>
INFO: User Response Options are:
Feb 26, 2014 3:26:38 PM edu.wpi.always.srummy.StartGamingSequence$HumanResponds <init>
INFO: It was so delicious, you should, oh wait, you can't
Feb 26, 2014 3:26:38 PM edu.wpi.always.srummy.StartGamingSequence$HumanResponds <init>
INFO: At least I eat!
Feb 26, 2014 3:26:38 PM edu.wpi.always.srummy.StartGamingSequence$HumanResponds <init>
INFO: Don't forget the toppings, I had jalapeno
Feb 26, 2014 3:26:45 PM edu.wpi.always.srummy.StartGamingSequence$HumanResponds$1 run
INFO: User selected response: Don't forget the toppings, I had jalapeno
Feb 26, 2014 3:26:45 PM edu.wpi.always.srummy.SrummySchema logTheHappinessValue
INFO: Happiness value: 95
Feb 26, 2014 3:26:46 PM edu.wpi.always.srummy.SrummySchema logTheHappinessValue
INFO: Happiness value: 74
Feb 26, 2014 3:26:50 PM edu.wpi.always.srummy.SrummyClient receivedMessage
INFO: User discarded: 0.4
Feb 26, 2014 3:26:50 PM edu.wpi.always.srummy.StartGamingSequence$HumanComments <init>
INFO: User Comment Options on a human move are:
Feb 26, 2014 3:26:50 PM edu.wpi.always.srummy.StartGamingSequence$HumanComments <init>
INFO: Now did you see that?
Feb 26, 2014 3:26:50 PM edu.wpi.always.srummy.StartGamingSequence$HumanComments <init>
INFO: I like playing with you
Feb 26, 2014 3:26:51 PM edu.wpi.always.srummy.SrummySchema logTheHappinessValue
INFO: Happiness value: 73
Feb 26, 2014 3:26:52 PM edu.wpi.always.srummy.SrummySchema logTheHappinessValue
INFO: Happiness value: 88
Feb 26, 2014 3:26:52 PM edu.wpi.always.srummy.SrummySchema logTheHappinessValue
INFO: Happiness value: 91
Feb 26, 2014 3:26:53 PM edu.wpi.always.srummy.SrummySchema logTheHappinessValue
INFO: Happiness value: 90
Feb 26, 2014 3:26:53 PM edu.wpi.always.srummy.SrummySchema logTheHappinessValue
INFO: Happiness value: 44
Feb 26, 2014 3:26:54 PM edu.wpi.always.srummy.SrummySchema logTheHappinessValue
INFO: Happiness value: 62
Feb 26, 2014 3:26:54 PM edu.wpi.always.srummy.SrummySchema logTheHappinessValue
INFO: Happiness value: 81
Feb 26, 2014 3:26:54 PM edu.wpi.always.srummy.SrummyClient receivedMessage
INFO: agent discarded: 0.4
Feb 26, 2014 3:26:55 PM edu.wpi.always.srummy.SrummySchema logTheHappinessValue
INFO: Happiness value: 35
Feb 26, 2014 3:27:06 PM edu.wpi.always.srummy.SrummySchema logTheHappinessValue
INFO: Happiness value: 100
Feb 26, 2014 3:27:07 PM edu.wpi.always.srummy.SrummyClient receivedMessage
INFO: User layoff: 0.6
Feb 26, 2014 3:27:08 PM edu.wpi.always.srummy.StartGamingSequence$gameOverDialogueByHuman <init>
INFO: Game Over, human wins.
Feb 26, 2014 3:27:08 PM edu.wpi.always.srummy.StartGamingSequence$gameOverDialogueByHuman <init>
INFO: Game Over - comment options by user: 
Feb 26, 2014 3:27:08 PM edu.wpi.always.srummy.StartGamingSequence$gameOverDialogueByHuman <init>
INFO: I finally win. Good game.
Feb 26, 2014 3:27:08 PM edu.wpi.always.srummy.StartGamingSequence$gameOverDialogueByHuman <init>
INFO: Did you see that?  I won!
Feb 26, 2014 3:27:08 PM edu.wpi.always.srummy.SrummyClient receivedMessage
INFO: User discarded: 0.4
Feb 26, 2014 3:27:08 PM edu.wpi.always.srummy.StartGamingSequence$gameOverDialogueByAgent enter
INFO: Game Over, human wins.
Feb 26, 2014 3:27:08 PM edu.wpi.always.srummy.StartGamingSequence$gameOverDialogueByAgent enter
INFO: Game Over comment by agent: Nice you won
Feb 26, 2014 3:27:11 PM edu.wpi.always.srummy.StartGamingSequence$gameOverdrbh <init>
INFO: Game over, User Response Options are:
Feb 26, 2014 3:27:11 PM edu.wpi.always.srummy.StartGamingSequence$gameOverdrbh <init>
INFO: Good game
Feb 26, 2014 3:27:11 PM edu.wpi.always.srummy.StartGamingSequence$gameOverdrbh <init>
INFO: Thanks
Feb 26, 2014 3:27:11 PM edu.wpi.always.srummy.StartGamingSequence$gameOverdrbh <init>
INFO: Well then learn from me!
Feb 26, 2014 3:27:13 PM edu.wpi.always.srummy.StartGamingSequence$gameOverdrbh$1 run
INFO: Game over, User selected response: Good game
Feb 26, 2014 3:27:13 PM edu.wpi.always.srummy.StartGamingSequence$gameOver enter
INFO: Participant conclusion, end of log
