Feb 27, 2014 3:10:29 PM edu.wpi.always.srummy.SrummyPlugin main
INFO: Rummy by s15 - Condition: 3
Feb 27, 2014 3:10:45 PM edu.wpi.always.srummy.SrummySchema logTheHappinessValue
INFO: Happiness value: 51
Feb 27, 2014 3:10:46 PM edu.wpi.always.srummy.SrummySchema logTheHappinessValue
INFO: Happiness value: 0
Feb 27, 2014 3:10:47 PM edu.wpi.always.srummy.SrummySchema logTheHappinessValue
INFO: Happiness value: 48
Feb 27, 2014 3:10:51 PM edu.wpi.always.srummy.StartGamingSequence$2 run
INFO: User chosed to go second
Feb 27, 2014 3:10:52 PM edu.wpi.always.srummy.SrummyClient receivedMessage
INFO: agent discarded: 0.4
Feb 27, 2014 3:11:01 PM edu.wpi.always.srummy.StartGamingSequence$HumanResponds <init>
INFO: User Response Options are:
Feb 27, 2014 3:11:01 PM edu.wpi.always.srummy.StartGamingSequence$HumanResponds <init>
INFO: Good!
Feb 27, 2014 3:11:01 PM edu.wpi.always.srummy.StartGamingSequence$HumanResponds <init>
INFO: Terrible!
Feb 27, 2014 3:11:01 PM edu.wpi.always.srummy.StartGamingSequence$HumanResponds <init>
INFO: Not gonna tell you!
Feb 27, 2014 3:11:02 PM edu.wpi.always.srummy.SrummySchema logTheHappinessValue
INFO: Happiness value: 100
Feb 27, 2014 3:11:05 PM edu.wpi.always.srummy.SrummySchema logTheHappinessValue
INFO: Happiness value: 73
Feb 27, 2014 3:11:08 PM edu.wpi.always.srummy.SrummySchema logTheHappinessValue
INFO: Happiness value: 65
Feb 27, 2014 3:11:08 PM edu.wpi.always.srummy.StartGamingSequence$HumanResponds$1 run
INFO: User selected response: Not gonna tell you!
Feb 27, 2014 3:11:10 PM edu.wpi.always.srummy.SrummySchema logTheHappinessValue
INFO: Happiness value: 87
Feb 27, 2014 3:11:11 PM edu.wpi.always.srummy.SrummySchema logTheHappinessValue
INFO: Happiness value: 33
Feb 27, 2014 3:11:12 PM edu.wpi.always.srummy.SrummySchema logTheHappinessValue
INFO: Happiness value: 36
Feb 27, 2014 3:11:17 PM edu.wpi.always.srummy.SrummyClient receivedMessage
INFO: User melded: 0.8
Feb 27, 2014 3:11:17 PM edu.wpi.always.srummy.SrummySchema logTheHappinessValue
INFO: Happiness value: 100
Feb 27, 2014 3:11:18 PM edu.wpi.always.srummy.SrummySchema logTheHappinessValue
INFO: Happiness value: 97
Feb 27, 2014 3:11:20 PM edu.wpi.always.srummy.SrummyClient receivedMessage
INFO: User discarded: 0.4
Feb 27, 2014 3:11:23 PM edu.wpi.always.srummy.StartGamingSequence$HumanResponds <init>
INFO: User Response Options are:
Feb 27, 2014 3:11:23 PM edu.wpi.always.srummy.StartGamingSequence$HumanResponds <init>
INFO: Haha, sure!
Feb 27, 2014 3:11:23 PM edu.wpi.always.srummy.StartGamingSequence$HumanResponds <init>
INFO: Really?!
Feb 27, 2014 3:11:23 PM edu.wpi.always.srummy.StartGamingSequence$HumanResponds <init>
INFO: You too!
Feb 27, 2014 3:11:30 PM edu.wpi.always.srummy.StartGamingSequence$HumanResponds$1 run
INFO: User selected response: Haha, sure!
Feb 27, 2014 3:11:31 PM edu.wpi.always.srummy.SrummyClient receivedMessage
INFO: agent discarded: 0.4
Feb 27, 2014 3:11:39 PM edu.wpi.always.srummy.SrummySchema logTheHappinessValue
INFO: Happiness value: 77
Feb 27, 2014 3:11:43 PM edu.wpi.always.srummy.SrummySchema logTheHappinessValue
INFO: Happiness value: 67
Feb 27, 2014 3:11:47 PM edu.wpi.always.srummy.SrummyClient receivedMessage
INFO: User discarded: 0.4
Feb 27, 2014 3:11:49 PM edu.wpi.always.srummy.SrummyClient receivedMessage
INFO: agent discarded: 0.4
Feb 27, 2014 3:11:55 PM edu.wpi.always.srummy.SrummySchema logTheHappinessValue
INFO: Happiness value: 51
Feb 27, 2014 3:11:55 PM edu.wpi.always.srummy.SrummySchema logTheHappinessValue
INFO: Happiness value: 71
Feb 27, 2014 3:11:56 PM edu.wpi.always.srummy.SrummySchema logTheHappinessValue
INFO: Happiness value: 7
Feb 27, 2014 3:11:57 PM edu.wpi.always.srummy.SrummySchema logTheHappinessValue
INFO: Happiness value: 23
Feb 27, 2014 3:12:03 PM edu.wpi.always.srummy.SrummyClient receivedMessage
INFO: User discarded: 0.4
Feb 27, 2014 3:12:03 PM edu.wpi.always.srummy.StartGamingSequence$HumanComments <init>
INFO: User Comment Options on a human move are:
Feb 27, 2014 3:12:03 PM edu.wpi.always.srummy.StartGamingSequence$HumanComments <init>
INFO: Now did you see that?
Feb 27, 2014 3:12:03 PM edu.wpi.always.srummy.StartGamingSequence$HumanComments <init>
INFO: I like playing with you
Feb 27, 2014 3:12:16 PM edu.wpi.always.srummy.SrummyClient receivedMessage
INFO: agent discarded: 0.4
Feb 27, 2014 3:12:25 PM edu.wpi.always.srummy.StartGamingSequence$HumanResponds <init>
INFO: User Response Options are:
Feb 27, 2014 3:12:25 PM edu.wpi.always.srummy.StartGamingSequence$HumanResponds <init>
INFO: It was so delicious, you should, oh wait, you can't
Feb 27, 2014 3:12:25 PM edu.wpi.always.srummy.StartGamingSequence$HumanResponds <init>
INFO: At least I eat!
Feb 27, 2014 3:12:25 PM edu.wpi.always.srummy.StartGamingSequence$HumanResponds <init>
INFO: Don't forget the toppings, I had jalapeno
Feb 27, 2014 3:12:28 PM edu.wpi.always.srummy.SrummySchema logTheHappinessValue
INFO: Happiness value: 95
Feb 27, 2014 3:12:40 PM edu.wpi.always.srummy.StartGamingSequence$HumanResponds$1 run
INFO: User selected response: It was so delicious, you should, oh wait, you can't
Feb 27, 2014 3:12:42 PM edu.wpi.always.srummy.SrummySchema logTheHappinessValue
INFO: Happiness value: 100
Feb 27, 2014 3:12:48 PM edu.wpi.always.srummy.SrummyClient receivedMessage
INFO: User melded: 0.8
Feb 27, 2014 3:12:50 PM edu.wpi.always.srummy.SrummyClient receivedMessage
INFO: User discarded: 0.4
Feb 27, 2014 3:12:54 PM edu.wpi.always.srummy.StartGamingSequence$HumanResponds <init>
INFO: User Response Options are:
Feb 27, 2014 3:12:54 PM edu.wpi.always.srummy.StartGamingSequence$HumanResponds <init>
INFO: Thanks
Feb 27, 2014 3:12:54 PM edu.wpi.always.srummy.StartGamingSequence$HumanResponds <init>
INFO: Oh yes!
Feb 27, 2014 3:12:54 PM edu.wpi.always.srummy.StartGamingSequence$HumanResponds <init>
INFO: Try to do the same!
Feb 27, 2014 3:12:58 PM edu.wpi.always.srummy.StartGamingSequence$HumanResponds$1 run
INFO: User selected response: Thanks
Feb 27, 2014 3:12:59 PM edu.wpi.always.srummy.SrummyClient receivedMessage
INFO: agent discarded: 0.4
Feb 27, 2014 3:13:00 PM edu.wpi.always.srummy.SrummySchema logTheHappinessValue
INFO: Happiness value: 43
Feb 27, 2014 3:13:05 PM edu.wpi.always.srummy.StartGamingSequence$HumanComments <init>
INFO: User Comment Options on a agent move are:
Feb 27, 2014 3:13:05 PM edu.wpi.always.srummy.StartGamingSequence$HumanComments <init>
INFO: You do play very well
Feb 27, 2014 3:13:05 PM edu.wpi.always.srummy.StartGamingSequence$HumanComments <init>
INFO: I like playing with you
Feb 27, 2014 3:13:07 PM edu.wpi.always.srummy.SrummySchema logTheHappinessValue
INFO: Happiness value: 40
Feb 27, 2014 3:13:10 PM edu.wpi.always.srummy.StartGamingSequence$HumanComments$1 run
INFO: User selected response: I like playing with you
Feb 27, 2014 3:13:10 PM edu.wpi.always.srummy.StartGamingSequence$AgentResponds enter
INFO: Agent Responded: 
Feb 27, 2014 3:13:10 PM edu.wpi.always.srummy.SrummySchema logTheHappinessValue
INFO: Happiness value: 46
Feb 27, 2014 3:13:19 PM edu.wpi.always.srummy.SrummyClient receivedMessage
INFO: User discarded: 0.4
Feb 27, 2014 3:13:19 PM edu.wpi.always.srummy.StartGamingSequence$HumanComments <init>
INFO: User Comment Options on a human move are:
Feb 27, 2014 3:13:19 PM edu.wpi.always.srummy.StartGamingSequence$HumanComments <init>
INFO: Now did you see that?
Feb 27, 2014 3:13:19 PM edu.wpi.always.srummy.StartGamingSequence$HumanComments <init>
INFO: I like playing with you
Feb 27, 2014 3:13:24 PM edu.wpi.always.srummy.SrummyClient receivedMessage
INFO: agent discarded: 0.4
Feb 27, 2014 3:13:25 PM edu.wpi.always.srummy.SrummySchema logTheHappinessValue
INFO: Happiness value: 50
Feb 27, 2014 3:13:25 PM edu.wpi.always.srummy.SrummySchema logTheHappinessValue
INFO: Happiness value: 41
Feb 27, 2014 3:13:29 PM edu.wpi.always.srummy.SrummySchema logTheHappinessValue
INFO: Happiness value: 66
Feb 27, 2014 3:13:30 PM edu.wpi.always.srummy.SrummySchema logTheHappinessValue
INFO: Happiness value: 72
Feb 27, 2014 3:13:30 PM edu.wpi.always.srummy.SrummySchema logTheHappinessValue
INFO: Happiness value: 83
Feb 27, 2014 3:13:31 PM edu.wpi.always.srummy.SrummySchema logTheHappinessValue
INFO: Happiness value: 64
Feb 27, 2014 3:13:31 PM edu.wpi.always.srummy.SrummySchema logTheHappinessValue
INFO: Happiness value: 0
Feb 27, 2014 3:13:33 PM edu.wpi.always.srummy.StartGamingSequence$HumanResponds <init>
INFO: User Response Options are:
Feb 27, 2014 3:13:33 PM edu.wpi.always.srummy.StartGamingSequence$HumanResponds <init>
INFO: Oh really? tell me, who made you?
Feb 27, 2014 3:13:33 PM edu.wpi.always.srummy.StartGamingSequence$HumanResponds <init>
INFO: Bragging won't get you to win Madam agent
Feb 27, 2014 3:13:33 PM edu.wpi.always.srummy.StartGamingSequence$HumanResponds <init>
INFO: How intelligent can a toaster be anyway?
Feb 27, 2014 3:13:36 PM edu.wpi.always.srummy.SrummySchema logTheHappinessValue
INFO: Happiness value: 54
Feb 27, 2014 3:13:36 PM edu.wpi.always.srummy.SrummySchema logTheHappinessValue
INFO: Happiness value: 29
Feb 27, 2014 3:13:37 PM edu.wpi.always.srummy.SrummySchema logTheHappinessValue
INFO: Happiness value: 42
Feb 27, 2014 3:13:38 PM edu.wpi.always.srummy.SrummySchema logTheHappinessValue
INFO: Happiness value: 16
Feb 27, 2014 3:13:43 PM edu.wpi.always.srummy.StartGamingSequence$HumanResponds$1 run
INFO: User selected response: Bragging won't get you to win Madam agent
Feb 27, 2014 3:13:43 PM edu.wpi.always.srummy.SrummySchema logTheHappinessValue
INFO: Happiness value: 35
Feb 27, 2014 3:13:50 PM edu.wpi.always.srummy.SrummyClient receivedMessage
INFO: User discarded: 0.4
Feb 27, 2014 3:13:51 PM edu.wpi.always.srummy.SrummyClient receivedMessage
INFO: agent discarded: 0.4
Feb 27, 2014 3:13:57 PM edu.wpi.always.srummy.StartGamingSequence$HumanComments <init>
INFO: User Comment Options on a agent move are:
Feb 27, 2014 3:13:57 PM edu.wpi.always.srummy.StartGamingSequence$HumanComments <init>
INFO: You do play very well
Feb 27, 2014 3:13:57 PM edu.wpi.always.srummy.StartGamingSequence$HumanComments <init>
INFO: I like playing with you
Feb 27, 2014 3:14:05 PM edu.wpi.always.srummy.StartGamingSequence$HumanComments$1 run
INFO: User selected response: You do play very well
Feb 27, 2014 3:14:05 PM edu.wpi.always.srummy.StartGamingSequence$AgentResponds enter
INFO: Agent Responded: I am very happy to hear that
Feb 27, 2014 3:14:15 PM edu.wpi.always.srummy.SrummyClient receivedMessage
INFO: User discarded: 0.4
Feb 27, 2014 3:14:18 PM edu.wpi.always.srummy.StartGamingSequence$HumanResponds <init>
INFO: User Response Options are:
Feb 27, 2014 3:14:18 PM edu.wpi.always.srummy.StartGamingSequence$HumanResponds <init>
INFO: Well do your best
Feb 27, 2014 3:14:18 PM edu.wpi.always.srummy.StartGamingSequence$HumanResponds <init>
INFO: It's just a game
Feb 27, 2014 3:14:18 PM edu.wpi.always.srummy.StartGamingSequence$HumanResponds <init>
INFO: I won't let you
Feb 27, 2014 3:14:23 PM edu.wpi.always.srummy.StartGamingSequence$HumanResponds$1 run
INFO: User selected response: It's just a game
Feb 27, 2014 3:14:24 PM edu.wpi.always.srummy.SrummyClient receivedMessage
INFO: agent melded: 0.8
Feb 27, 2014 3:14:30 PM edu.wpi.always.srummy.SrummyClient receivedMessage
INFO: agent discarded: 0.4
Feb 27, 2014 3:14:31 PM edu.wpi.always.srummy.StartGamingSequence$HumanComments <init>
INFO: User Comment Options on a agent move are:
Feb 27, 2014 3:14:31 PM edu.wpi.always.srummy.StartGamingSequence$HumanComments <init>
INFO: Good meld
Feb 27, 2014 3:14:31 PM edu.wpi.always.srummy.StartGamingSequence$HumanComments <init>
INFO: These melds are not gonna make you win
Feb 27, 2014 3:14:31 PM edu.wpi.always.srummy.StartGamingSequence$HumanComments <init>
INFO: I can do a better meld!
Feb 27, 2014 3:14:36 PM edu.wpi.always.srummy.StartGamingSequence$HumanComments$1 run
INFO: User selected response: Good meld
Feb 27, 2014 3:14:36 PM edu.wpi.always.srummy.StartGamingSequence$AgentResponds enter
INFO: Agent Responded: I learn from smart people like you
Feb 27, 2014 3:14:43 PM edu.wpi.always.srummy.SrummyClient receivedMessage
INFO: User discarded: 0.4
Feb 27, 2014 3:14:43 PM edu.wpi.always.srummy.StartGamingSequence$HumanComments <init>
INFO: User Comment Options on a human move are:
Feb 27, 2014 3:14:43 PM edu.wpi.always.srummy.StartGamingSequence$HumanComments <init>
INFO: Now did you see that?
Feb 27, 2014 3:14:43 PM edu.wpi.always.srummy.StartGamingSequence$HumanComments <init>
INFO: I like playing with you
Feb 27, 2014 3:14:48 PM edu.wpi.always.srummy.SrummyClient receivedMessage
INFO: agent discarded: 0.4
Feb 27, 2014 3:14:57 PM edu.wpi.always.srummy.StartGamingSequence$HumanResponds <init>
INFO: User Response Options are:
Feb 27, 2014 3:14:57 PM edu.wpi.always.srummy.StartGamingSequence$HumanResponds <init>
INFO: At least I eat!
Feb 27, 2014 3:14:57 PM edu.wpi.always.srummy.StartGamingSequence$HumanResponds <init>
INFO: Don't forget the toppings, I had jalapeno
Feb 27, 2014 3:14:57 PM edu.wpi.always.srummy.StartGamingSequence$HumanResponds <init>
INFO: It was so delicious, you should, oh wait, you can't
Feb 27, 2014 3:15:07 PM edu.wpi.always.srummy.StartGamingSequence$HumanResponds$1 run
INFO: User selected response: At least I eat!
Feb 27, 2014 3:15:12 PM edu.wpi.always.srummy.SrummyClient receivedMessage
INFO: User discarded: 0.4
Feb 27, 2014 3:15:14 PM edu.wpi.always.srummy.SrummyClient receivedMessage
INFO: agent discarded: 0.4
Feb 27, 2014 3:15:16 PM edu.wpi.always.srummy.SrummySchema logTheHappinessValue
INFO: Happiness value: 5
Feb 27, 2014 3:15:16 PM edu.wpi.always.srummy.SrummySchema logTheHappinessValue
INFO: Happiness value: 22
Feb 27, 2014 3:15:17 PM edu.wpi.always.srummy.SrummySchema logTheHappinessValue
INFO: Happiness value: 18
Feb 27, 2014 3:15:23 PM edu.wpi.always.srummy.StartGamingSequence$HumanResponds <init>
INFO: User Response Options are:
Feb 27, 2014 3:15:23 PM edu.wpi.always.srummy.StartGamingSequence$HumanResponds <init>
INFO: At least I eat!
Feb 27, 2014 3:15:23 PM edu.wpi.always.srummy.StartGamingSequence$HumanResponds <init>
INFO: It was so delicious, you should, oh wait, you can't
Feb 27, 2014 3:15:23 PM edu.wpi.always.srummy.StartGamingSequence$HumanResponds <init>
INFO: Don't forget the toppings, I had jalapeno
Feb 27, 2014 3:15:26 PM edu.wpi.always.srummy.StartGamingSequence$HumanResponds$1 run
INFO: User selected response: It was so delicious, you should, oh wait, you can't
Feb 27, 2014 3:15:35 PM edu.wpi.always.srummy.SrummyClient receivedMessage
INFO: User melded: 0.8
Feb 27, 2014 3:15:37 PM edu.wpi.always.srummy.SrummyClient receivedMessage
INFO: User discarded: 0.4
Feb 27, 2014 3:15:41 PM edu.wpi.always.srummy.StartGamingSequence$HumanResponds <init>
INFO: User Response Options are:
Feb 27, 2014 3:15:41 PM edu.wpi.always.srummy.StartGamingSequence$HumanResponds <init>
INFO: I know
Feb 27, 2014 3:15:41 PM edu.wpi.always.srummy.StartGamingSequence$HumanResponds <init>
INFO: Fingers crossed
Feb 27, 2014 3:15:41 PM edu.wpi.always.srummy.StartGamingSequence$HumanResponds <init>
INFO: Too soon to say
Feb 27, 2014 3:15:45 PM edu.wpi.always.srummy.StartGamingSequence$HumanResponds$1 run
INFO: User selected response: Too soon to say
Feb 27, 2014 3:15:46 PM edu.wpi.always.srummy.SrummyClient receivedMessage
INFO: agent discarded: 0.4
Feb 27, 2014 3:15:55 PM edu.wpi.always.srummy.StartGamingSequence$HumanResponds <init>
INFO: User Response Options are:
Feb 27, 2014 3:15:55 PM edu.wpi.always.srummy.StartGamingSequence$HumanResponds <init>
INFO: How intelligent can a toaster be anyway?
Feb 27, 2014 3:15:55 PM edu.wpi.always.srummy.StartGamingSequence$HumanResponds <init>
INFO: Bragging won't get you to win Madam agent
Feb 27, 2014 3:15:55 PM edu.wpi.always.srummy.StartGamingSequence$HumanResponds <init>
INFO: Oh really? tell me, who made you?
Feb 27, 2014 3:15:59 PM edu.wpi.always.srummy.StartGamingSequence$HumanResponds$1 run
INFO: User selected response: Oh really? tell me, who made you?
Feb 27, 2014 3:16:06 PM edu.wpi.always.srummy.SrummyClient receivedMessage
INFO: User layoff: 0.6
Feb 27, 2014 3:16:07 PM edu.wpi.always.srummy.SrummyClient receivedMessage
INFO: User discarded: 0.4
Feb 27, 2014 3:16:07 PM edu.wpi.always.srummy.StartGamingSequence$gameOverDialogueByHuman <init>
INFO: Game Over, human wins.
Feb 27, 2014 3:16:07 PM edu.wpi.always.srummy.StartGamingSequence$gameOverDialogueByHuman <init>
INFO: Game Over - comment options by user: 
Feb 27, 2014 3:16:07 PM edu.wpi.always.srummy.StartGamingSequence$gameOverDialogueByHuman <init>
INFO: I finally win. Good game.
Feb 27, 2014 3:16:07 PM edu.wpi.always.srummy.StartGamingSequence$gameOverDialogueByHuman <init>
INFO: Did you see that?  I won!
Feb 27, 2014 3:16:14 PM edu.wpi.always.srummy.StartGamingSequence$gameOverDialogueByHuman$1 run
INFO: Game Over - comment chosen by user: I finally win. Good game.
Feb 27, 2014 3:16:14 PM edu.wpi.always.srummy.StartGamingSequence$gameOverDialogueResponseByAgent enter
INFO: Game over, Agent Responded: Yes, I just found it
Feb 27, 2014 3:16:17 PM edu.wpi.always.srummy.StartGamingSequence$gameOver enter
INFO: Participant conclusion, end of log
Feb 27, 2014 3:16:19 PM edu.wpi.always.srummy.SrummySchema logTheHappinessValue
INFO: Happiness value: 0
Feb 27, 2014 3:16:20 PM edu.wpi.always.srummy.SrummySchema logTheHappinessValue
INFO: Happiness value: 14
Feb 27, 2014 3:16:21 PM edu.wpi.always.srummy.SrummySchema logTheHappinessValue
INFO: Happiness value: 76
Feb 27, 2014 3:16:22 PM edu.wpi.always.srummy.SrummySchema logTheHappinessValue
INFO: Happiness value: 29
