Feb 28, 2014 2:04:00 PM edu.wpi.always.srummy.SrummyPlugin main
INFO: Rummy by s17 - Condition: 3
Feb 28, 2014 2:04:19 PM edu.wpi.always.srummy.StartGamingSequence$2 run
INFO: User chosed to go second
Feb 28, 2014 2:04:19 PM edu.wpi.always.srummy.SrummySchema logTheHappinessValue
INFO: Happiness value: 3
Feb 28, 2014 2:04:20 PM edu.wpi.always.srummy.SrummySchema logTheHappinessValue
INFO: Happiness value: 34
Feb 28, 2014 2:04:20 PM edu.wpi.always.srummy.SrummySchema logTheHappinessValue
INFO: Happiness value: 0
Feb 28, 2014 2:04:20 PM edu.wpi.always.srummy.SrummyClient receivedMessage
INFO: agent melded: 0.8
Feb 28, 2014 2:04:26 PM edu.wpi.always.srummy.SrummyClient receivedMessage
INFO: agent discarded: 0.4
Feb 28, 2014 2:04:31 PM edu.wpi.always.srummy.StartGamingSequence$HumanResponds <init>
INFO: User Response Options are:
Feb 28, 2014 2:04:31 PM edu.wpi.always.srummy.StartGamingSequence$HumanResponds <init>
INFO: Not really
Feb 28, 2014 2:04:31 PM edu.wpi.always.srummy.StartGamingSequence$HumanResponds <init>
INFO: Yes
Feb 28, 2014 2:04:31 PM edu.wpi.always.srummy.StartGamingSequence$HumanResponds <init>
INFO: Not sure
Feb 28, 2014 2:04:47 PM edu.wpi.always.srummy.SrummySchema logTheHappinessValue
INFO: Happiness value: 19
Feb 28, 2014 2:04:48 PM edu.wpi.always.srummy.SrummySchema logTheHappinessValue
INFO: Happiness value: 0
Feb 28, 2014 2:05:24 PM edu.wpi.always.srummy.StartGamingSequence$HumanResponds$1 run
INFO: User selected response: Yes
Feb 28, 2014 2:05:24 PM edu.wpi.always.srummy.SrummySchema logTheHappinessValue
INFO: Happiness value: 27
Feb 28, 2014 2:05:25 PM edu.wpi.always.srummy.SrummySchema logTheHappinessValue
INFO: Happiness value: 0
Feb 28, 2014 2:05:34 PM edu.wpi.always.srummy.SrummySchema logTheHappinessValue
INFO: Happiness value: 33
Feb 28, 2014 2:05:54 PM edu.wpi.always.srummy.SrummySchema logTheHappinessValue
INFO: Happiness value: 3
Feb 28, 2014 2:05:55 PM edu.wpi.always.srummy.SrummySchema logTheHappinessValue
INFO: Happiness value: 0
Feb 28, 2014 2:05:55 PM edu.wpi.always.srummy.SrummySchema logTheHappinessValue
INFO: Happiness value: 5
Feb 28, 2014 2:05:56 PM edu.wpi.always.srummy.SrummySchema logTheHappinessValue
INFO: Happiness value: 26
Feb 28, 2014 2:05:56 PM edu.wpi.always.srummy.SrummySchema logTheHappinessValue
INFO: Happiness value: 22
Feb 28, 2014 2:06:01 PM edu.wpi.always.srummy.SrummySchema logTheHappinessValue
INFO: Happiness value: 46
Feb 28, 2014 2:06:02 PM edu.wpi.always.srummy.SrummySchema logTheHappinessValue
INFO: Happiness value: 60
Feb 28, 2014 2:06:02 PM edu.wpi.always.srummy.SrummySchema logTheHappinessValue
INFO: Happiness value: 25
Feb 28, 2014 2:06:13 PM edu.wpi.always.srummy.SrummySchema logTheHappinessValue
INFO: Happiness value: 9
Feb 28, 2014 2:06:14 PM edu.wpi.always.srummy.SrummySchema logTheHappinessValue
INFO: Happiness value: 27
Feb 28, 2014 2:06:14 PM edu.wpi.always.srummy.SrummySchema logTheHappinessValue
INFO: Happiness value: 38
Feb 28, 2014 2:06:15 PM edu.wpi.always.srummy.SrummySchema logTheHappinessValue
INFO: Happiness value: 0
Feb 28, 2014 2:06:16 PM edu.wpi.always.srummy.SrummySchema logTheHappinessValue
INFO: Happiness value: 18
Feb 28, 2014 2:06:16 PM edu.wpi.always.srummy.SrummySchema logTheHappinessValue
INFO: Happiness value: 52
Feb 28, 2014 2:06:18 PM edu.wpi.always.srummy.SrummySchema logTheHappinessValue
INFO: Happiness value: 1
Feb 28, 2014 2:06:24 PM edu.wpi.always.srummy.SrummySchema logTheHappinessValue
INFO: Happiness value: 14
Feb 28, 2014 2:06:33 PM edu.wpi.always.srummy.SrummySchema logTheHappinessValue
INFO: Happiness value: 22
Feb 28, 2014 2:06:34 PM edu.wpi.always.srummy.SrummySchema logTheHappinessValue
INFO: Happiness value: 0
Feb 28, 2014 2:06:48 PM edu.wpi.always.srummy.SrummySchema logTheHappinessValue
INFO: Happiness value: 12
Feb 28, 2014 2:06:49 PM edu.wpi.always.srummy.SrummySchema logTheHappinessValue
INFO: Happiness value: 6
Feb 28, 2014 2:06:50 PM edu.wpi.always.srummy.SrummySchema logTheHappinessValue
INFO: Happiness value: 0
Feb 28, 2014 2:06:51 PM edu.wpi.always.srummy.SrummySchema logTheHappinessValue
INFO: Happiness value: 4
Feb 28, 2014 2:06:51 PM edu.wpi.always.srummy.SrummySchema logTheHappinessValue
INFO: Happiness value: 9
Feb 28, 2014 2:06:52 PM edu.wpi.always.srummy.SrummySchema logTheHappinessValue
INFO: Happiness value: 0
Feb 28, 2014 2:07:06 PM edu.wpi.always.srummy.SrummySchema logTheHappinessValue
INFO: Happiness value: 1
Feb 28, 2014 2:07:09 PM edu.wpi.always.srummy.SrummySchema logTheHappinessValue
INFO: Happiness value: 37
Feb 28, 2014 2:07:10 PM edu.wpi.always.srummy.SrummySchema logTheHappinessValue
INFO: Happiness value: 53
Feb 28, 2014 2:07:14 PM edu.wpi.always.srummy.SrummySchema logTheHappinessValue
INFO: Happiness value: 0
Feb 28, 2014 2:07:21 PM edu.wpi.always.srummy.SrummySchema logTheHappinessValue
INFO: Happiness value: 8
Feb 28, 2014 2:07:21 PM edu.wpi.always.srummy.SrummySchema logTheHappinessValue
INFO: Happiness value: 2
Feb 28, 2014 2:07:28 PM edu.wpi.always.srummy.SrummySchema logTheHappinessValue
INFO: Happiness value: 0
Feb 28, 2014 2:07:34 PM edu.wpi.always.srummy.SrummyClient receivedMessage
INFO: User melded: 0.8
Feb 28, 2014 2:07:53 PM edu.wpi.always.srummy.SrummySchema logTheHappinessValue
INFO: Happiness value: 6
Feb 28, 2014 2:07:53 PM edu.wpi.always.srummy.SrummySchema logTheHappinessValue
INFO: Happiness value: 0
Feb 28, 2014 2:08:05 PM edu.wpi.always.srummy.SrummySchema logTheHappinessValue
INFO: Happiness value: 34
Feb 28, 2014 2:08:06 PM edu.wpi.always.srummy.SrummySchema logTheHappinessValue
INFO: Happiness value: 55
Feb 28, 2014 2:08:06 PM edu.wpi.always.srummy.SrummySchema logTheHappinessValue
INFO: Happiness value: 60
Feb 28, 2014 2:08:08 PM edu.wpi.always.srummy.SrummySchema logTheHappinessValue
INFO: Happiness value: 34
Feb 28, 2014 2:08:17 PM edu.wpi.always.srummy.SrummySchema logTheHappinessValue
INFO: Happiness value: 80
Feb 28, 2014 2:08:18 PM edu.wpi.always.srummy.SrummySchema logTheHappinessValue
INFO: Happiness value: 31
Feb 28, 2014 2:08:29 PM edu.wpi.always.srummy.SrummySchema logTheHappinessValue
INFO: Happiness value: 0
Feb 28, 2014 2:08:30 PM edu.wpi.always.srummy.SrummySchema logTheHappinessValue
INFO: Happiness value: 1
Feb 28, 2014 2:08:37 PM edu.wpi.always.srummy.SrummySchema logTheHappinessValue
INFO: Happiness value: 6
Feb 28, 2014 2:08:37 PM edu.wpi.always.srummy.SrummySchema logTheHappinessValue
INFO: Happiness value: 0
Feb 28, 2014 2:08:38 PM edu.wpi.always.srummy.SrummySchema logTheHappinessValue
INFO: Happiness value: 54
Feb 28, 2014 2:08:42 PM edu.wpi.always.srummy.SrummySchema logTheHappinessValue
INFO: Happiness value: 0
Feb 28, 2014 2:08:44 PM edu.wpi.always.srummy.SrummySchema logTheHappinessValue
INFO: Happiness value: 25
Feb 28, 2014 2:08:52 PM edu.wpi.always.srummy.SrummySchema logTheHappinessValue
INFO: Happiness value: 71
Feb 28, 2014 2:08:59 PM edu.wpi.always.srummy.SrummySchema logTheHappinessValue
INFO: Happiness value: 0
Feb 28, 2014 2:09:02 PM edu.wpi.always.srummy.SrummySchema logTheHappinessValue
INFO: Happiness value: 22
Feb 28, 2014 2:09:15 PM edu.wpi.always.srummy.SrummySchema logTheHappinessValue
INFO: Happiness value: 74
Feb 28, 2014 2:09:23 PM edu.wpi.always.srummy.SrummySchema logTheHappinessValue
INFO: Happiness value: 12
Feb 28, 2014 2:09:24 PM edu.wpi.always.srummy.SrummySchema logTheHappinessValue
INFO: Happiness value: 77
Feb 28, 2014 2:09:32 PM edu.wpi.always.srummy.SrummySchema logTheHappinessValue
INFO: Happiness value: 100
Feb 28, 2014 2:09:34 PM edu.wpi.always.srummy.SrummySchema logTheHappinessValue
INFO: Happiness value: 36
Feb 28, 2014 2:09:35 PM edu.wpi.always.srummy.SrummySchema logTheHappinessValue
INFO: Happiness value: 0
Feb 28, 2014 2:09:36 PM edu.wpi.always.srummy.SrummySchema logTheHappinessValue
INFO: Happiness value: 60
Feb 28, 2014 2:09:37 PM edu.wpi.always.srummy.SrummySchema logTheHappinessValue
INFO: Happiness value: 94
Feb 28, 2014 2:09:43 PM edu.wpi.always.srummy.SrummySchema logTheHappinessValue
INFO: Happiness value: 22
Feb 28, 2014 2:09:46 PM edu.wpi.always.srummy.SrummySchema logTheHappinessValue
INFO: Happiness value: 100
Feb 28, 2014 2:09:52 PM edu.wpi.always.srummy.SrummySchema logTheHappinessValue
INFO: Happiness value: 23
Feb 28, 2014 2:10:02 PM edu.wpi.always.srummy.SrummySchema logTheHappinessValue
INFO: Happiness value: 66
Feb 28, 2014 2:10:09 PM edu.wpi.always.srummy.SrummySchema logTheHappinessValue
INFO: Happiness value: 0
Feb 28, 2014 2:10:11 PM edu.wpi.always.srummy.SrummySchema logTheHappinessValue
INFO: Happiness value: 72
Feb 28, 2014 2:10:14 PM edu.wpi.always.srummy.SrummySchema logTheHappinessValue
INFO: Happiness value: 100
Feb 28, 2014 2:10:20 PM edu.wpi.always.srummy.SrummySchema logTheHappinessValue
INFO: Happiness value: 0
Feb 28, 2014 2:10:23 PM edu.wpi.always.srummy.SrummyClient receivedMessage
INFO: User discarded: 0.4
Feb 28, 2014 2:10:27 PM edu.wpi.always.srummy.StartGamingSequence$HumanResponds <init>
INFO: User Response Options are:
Feb 28, 2014 2:10:27 PM edu.wpi.always.srummy.StartGamingSequence$HumanResponds <init>
INFO: Aha!
Feb 28, 2014 2:10:27 PM edu.wpi.always.srummy.StartGamingSequence$HumanResponds <init>
INFO: Thanks
Feb 28, 2014 2:10:27 PM edu.wpi.always.srummy.StartGamingSequence$HumanResponds <init>
INFO: Well try to learn!
Feb 28, 2014 2:10:37 PM edu.wpi.always.srummy.SrummySchema logTheHappinessValue
INFO: Happiness value: 100
Feb 28, 2014 2:10:43 PM edu.wpi.always.srummy.StartGamingSequence$HumanResponds$1 run
INFO: User selected response: Thanks
Feb 28, 2014 2:10:43 PM edu.wpi.always.srummy.SrummySchema logTheHappinessValue
INFO: Happiness value: 98
Feb 28, 2014 2:10:44 PM edu.wpi.always.srummy.SrummyClient receivedMessage
INFO: agent laid off: 0.6
Feb 28, 2014 2:10:50 PM edu.wpi.always.srummy.SrummyClient receivedMessage
INFO: agent discarded: 0.4
Feb 28, 2014 2:10:51 PM edu.wpi.always.srummy.StartGamingSequence$HumanComments <init>
INFO: User Comment Options on a agent move are:
Feb 28, 2014 2:10:51 PM edu.wpi.always.srummy.StartGamingSequence$HumanComments <init>
INFO: Keep the cards, why lay off?
Feb 28, 2014 2:10:51 PM edu.wpi.always.srummy.StartGamingSequence$HumanComments <init>
INFO: Good job on lay off
Feb 28, 2014 2:10:51 PM edu.wpi.always.srummy.StartGamingSequence$HumanComments <init>
INFO: Lay offs are very helpful
Feb 28, 2014 2:10:58 PM edu.wpi.always.srummy.SrummySchema logTheHappinessValue
INFO: Happiness value: 0
Feb 28, 2014 2:11:15 PM edu.wpi.always.srummy.StartGamingSequence$HumanComments$1 run
INFO: User selected response: Good job on lay off
Feb 28, 2014 2:11:15 PM edu.wpi.always.srummy.StartGamingSequence$AgentResponds enter
INFO: Agent Responded: 
Feb 28, 2014 2:11:28 PM edu.wpi.always.srummy.SrummySchema logTheHappinessValue
INFO: Happiness value: 100
Feb 28, 2014 2:11:29 PM edu.wpi.always.srummy.SrummySchema logTheHappinessValue
INFO: Happiness value: 70
Feb 28, 2014 2:11:30 PM edu.wpi.always.srummy.SrummySchema logTheHappinessValue
INFO: Happiness value: 17
Feb 28, 2014 2:11:30 PM edu.wpi.always.srummy.SrummySchema logTheHappinessValue
INFO: Happiness value: 36
Feb 28, 2014 2:11:32 PM edu.wpi.always.srummy.SrummySchema logTheHappinessValue
INFO: Happiness value: 53
Feb 28, 2014 2:11:34 PM edu.wpi.always.srummy.SrummySchema logTheHappinessValue
INFO: Happiness value: 71
Feb 28, 2014 2:11:34 PM edu.wpi.always.srummy.SrummySchema logTheHappinessValue
INFO: Happiness value: 32
Feb 28, 2014 2:11:40 PM edu.wpi.always.srummy.SrummySchema logTheHappinessValue
INFO: Happiness value: 68
Feb 28, 2014 2:11:40 PM edu.wpi.always.srummy.SrummySchema logTheHappinessValue
INFO: Happiness value: 100
Feb 28, 2014 2:11:41 PM edu.wpi.always.srummy.SrummySchema logTheHappinessValue
INFO: Happiness value: 74
Feb 28, 2014 2:11:42 PM edu.wpi.always.srummy.SrummySchema logTheHappinessValue
INFO: Happiness value: 67
Feb 28, 2014 2:11:42 PM edu.wpi.always.srummy.SrummySchema logTheHappinessValue
INFO: Happiness value: 100
Feb 28, 2014 2:11:44 PM edu.wpi.always.srummy.SrummySchema logTheHappinessValue
INFO: Happiness value: 41
Feb 28, 2014 2:11:47 PM edu.wpi.always.srummy.SrummySchema logTheHappinessValue
INFO: Happiness value: 0
Feb 28, 2014 2:11:56 PM edu.wpi.always.srummy.SrummySchema logTheHappinessValue
INFO: Happiness value: 6
Feb 28, 2014 2:11:58 PM edu.wpi.always.srummy.SrummySchema logTheHappinessValue
INFO: Happiness value: 2
Feb 28, 2014 2:12:02 PM edu.wpi.always.srummy.SrummySchema logTheHappinessValue
INFO: Happiness value: 0
Feb 28, 2014 2:12:06 PM edu.wpi.always.srummy.SrummySchema logTheHappinessValue
INFO: Happiness value: 56
Feb 28, 2014 2:12:09 PM edu.wpi.always.srummy.SrummySchema logTheHappinessValue
INFO: Happiness value: 0
Feb 28, 2014 2:12:19 PM edu.wpi.always.srummy.SrummySchema logTheHappinessValue
INFO: Happiness value: 62
Feb 28, 2014 2:12:19 PM edu.wpi.always.srummy.SrummySchema logTheHappinessValue
INFO: Happiness value: 1
Feb 28, 2014 2:12:24 PM edu.wpi.always.srummy.SrummySchema logTheHappinessValue
INFO: Happiness value: 0
Feb 28, 2014 2:12:25 PM edu.wpi.always.srummy.SrummySchema logTheHappinessValue
INFO: Happiness value: 34
Feb 28, 2014 2:12:29 PM edu.wpi.always.srummy.SrummySchema logTheHappinessValue
INFO: Happiness value: 6
Feb 28, 2014 2:12:29 PM edu.wpi.always.srummy.SrummySchema logTheHappinessValue
INFO: Happiness value: 55
Feb 28, 2014 2:12:30 PM edu.wpi.always.srummy.SrummySchema logTheHappinessValue
INFO: Happiness value: 0
Feb 28, 2014 2:12:38 PM edu.wpi.always.srummy.SrummySchema logTheHappinessValue
INFO: Happiness value: 32
Feb 28, 2014 2:12:39 PM edu.wpi.always.srummy.SrummySchema logTheHappinessValue
INFO: Happiness value: 0
Feb 28, 2014 2:13:00 PM edu.wpi.always.srummy.SrummySchema logTheHappinessValue
INFO: Happiness value: 17
Feb 28, 2014 2:13:01 PM edu.wpi.always.srummy.SrummySchema logTheHappinessValue
INFO: Happiness value: 25
Feb 28, 2014 2:13:04 PM edu.wpi.always.srummy.SrummySchema logTheHappinessValue
INFO: Happiness value: 22
Feb 28, 2014 2:13:08 PM edu.wpi.always.srummy.SrummySchema logTheHappinessValue
INFO: Happiness value: 2
Feb 28, 2014 2:13:09 PM edu.wpi.always.srummy.SrummySchema logTheHappinessValue
INFO: Happiness value: 26
Feb 28, 2014 2:13:13 PM edu.wpi.always.srummy.SrummySchema logTheHappinessValue
INFO: Happiness value: 0
Feb 28, 2014 2:13:15 PM edu.wpi.always.srummy.SrummySchema logTheHappinessValue
INFO: Happiness value: 9
Feb 28, 2014 2:13:19 PM edu.wpi.always.srummy.SrummySchema logTheHappinessValue
INFO: Happiness value: 0
Feb 28, 2014 2:13:37 PM edu.wpi.always.srummy.SrummySchema logTheHappinessValue
INFO: Happiness value: 77
Feb 28, 2014 2:13:37 PM edu.wpi.always.srummy.SrummySchema logTheHappinessValue
INFO: Happiness value: 28
