Mar 05, 2014 4:35:38 PM edu.wpi.always.srummy.SrummyPlugin main
INFO: Rummy by s27 - Condition: 3
Mar 05, 2014 4:36:01 PM edu.wpi.always.srummy.SrummySchema logTheHappinessValue
INFO: Happiness value: 40
Mar 05, 2014 4:36:01 PM edu.wpi.always.srummy.SrummySchema logTheHappinessValue
INFO: Happiness value: 11
Mar 05, 2014 4:36:02 PM edu.wpi.always.srummy.SrummySchema logTheHappinessValue
INFO: Happiness value: 0
Mar 05, 2014 4:36:02 PM edu.wpi.always.srummy.SrummySchema logTheHappinessValue
INFO: Happiness value: 44
Mar 05, 2014 4:36:03 PM edu.wpi.always.srummy.SrummySchema logTheHappinessValue
INFO: Happiness value: 0
Mar 05, 2014 4:36:04 PM edu.wpi.always.srummy.StartGamingSequence$2 run
INFO: User chosed to go second
Mar 05, 2014 4:36:04 PM edu.wpi.always.srummy.SrummySchema logTheHappinessValue
INFO: Happiness value: 60
Mar 05, 2014 4:36:05 PM edu.wpi.always.srummy.SrummyClient receivedMessage
INFO: agent discarded: 0.4
Mar 05, 2014 4:36:06 PM edu.wpi.always.srummy.SrummySchema logTheHappinessValue
INFO: Happiness value: 8
Mar 05, 2014 4:36:07 PM edu.wpi.always.srummy.SrummySchema logTheHappinessValue
INFO: Happiness value: 0
Mar 05, 2014 4:36:14 PM edu.wpi.always.srummy.StartGamingSequence$HumanResponds <init>
INFO: User Response Options are:
Mar 05, 2014 4:36:14 PM edu.wpi.always.srummy.StartGamingSequence$HumanResponds <init>
INFO: Not really
Mar 05, 2014 4:36:14 PM edu.wpi.always.srummy.StartGamingSequence$HumanResponds <init>
INFO: Yes
Mar 05, 2014 4:36:14 PM edu.wpi.always.srummy.StartGamingSequence$HumanResponds <init>
INFO: Not sure
Mar 05, 2014 4:36:29 PM edu.wpi.always.srummy.SrummySchema logTheHappinessValue
INFO: Happiness value: 76
Mar 05, 2014 4:36:29 PM edu.wpi.always.srummy.SrummySchema logTheHappinessValue
INFO: Happiness value: 54
Mar 05, 2014 4:36:30 PM edu.wpi.always.srummy.StartGamingSequence$HumanResponds$1 run
INFO: User selected response: Not really
Mar 05, 2014 4:36:31 PM edu.wpi.always.srummy.SrummySchema logTheHappinessValue
INFO: Happiness value: 73
Mar 05, 2014 4:37:55 PM edu.wpi.always.srummy.SrummyClient receivedMessage
INFO: User discarded: 0.4
Mar 05, 2014 4:37:59 PM edu.wpi.always.srummy.StartGamingSequence$HumanResponds <init>
INFO: User Response Options are:
Mar 05, 2014 4:37:59 PM edu.wpi.always.srummy.StartGamingSequence$HumanResponds <init>
INFO: Thank you, you do too
Mar 05, 2014 4:37:59 PM edu.wpi.always.srummy.StartGamingSequence$HumanResponds <init>
INFO: Thanks, you can learn!
Mar 05, 2014 4:37:59 PM edu.wpi.always.srummy.StartGamingSequence$HumanResponds <init>
INFO: You too
Mar 05, 2014 4:38:00 PM edu.wpi.always.srummy.SrummySchema logTheHappinessValue
INFO: Happiness value: 24
Mar 05, 2014 4:38:04 PM edu.wpi.always.srummy.SrummyClient receivedMessage
INFO: agent discarded: 0.4
Mar 05, 2014 4:39:06 PM edu.wpi.always.srummy.SrummyClient receivedMessage
INFO: User discarded: 0.4
Mar 05, 2014 4:39:08 PM edu.wpi.always.srummy.SrummyClient receivedMessage
INFO: agent discarded: 0.4
Mar 05, 2014 4:39:29 PM edu.wpi.always.srummy.SrummySchema logTheHappinessValue
INFO: Happiness value: 14
Mar 05, 2014 4:39:33 PM edu.wpi.always.srummy.SrummySchema logTheHappinessValue
INFO: Happiness value: 33
Mar 05, 2014 4:40:28 PM edu.wpi.always.srummy.SrummyClient receivedMessage
INFO: User discarded: 0.4
Mar 05, 2014 4:40:28 PM edu.wpi.always.srummy.StartGamingSequence$HumanComments <init>
INFO: User Comment Options on a human move are:
Mar 05, 2014 4:40:28 PM edu.wpi.always.srummy.StartGamingSequence$HumanComments <init>
INFO: I like playing with you
Mar 05, 2014 4:40:28 PM edu.wpi.always.srummy.StartGamingSequence$HumanComments <init>
INFO: Now did you see that?
Mar 05, 2014 4:40:37 PM edu.wpi.always.srummy.SrummyClient receivedMessage
INFO: agent discarded: 0.4
Mar 05, 2014 4:40:38 PM edu.wpi.always.srummy.SrummySchema logTheHappinessValue
INFO: Happiness value: 19
Mar 05, 2014 4:40:46 PM edu.wpi.always.srummy.StartGamingSequence$HumanResponds <init>
INFO: User Response Options are:
Mar 05, 2014 4:40:46 PM edu.wpi.always.srummy.StartGamingSequence$HumanResponds <init>
INFO: How intelligent can a toaster be anyway?
Mar 05, 2014 4:40:46 PM edu.wpi.always.srummy.StartGamingSequence$HumanResponds <init>
INFO: Bragging won't get you to win Madam agent
Mar 05, 2014 4:40:46 PM edu.wpi.always.srummy.StartGamingSequence$HumanResponds <init>
INFO: Oh really? tell me, who made you?
Mar 05, 2014 4:40:50 PM edu.wpi.always.srummy.SrummySchema logTheHappinessValue
INFO: Happiness value: 0
Mar 05, 2014 4:40:51 PM edu.wpi.always.srummy.StartGamingSequence$HumanResponds$1 run
INFO: User selected response: How intelligent can a toaster be anyway?
Mar 05, 2014 4:40:51 PM edu.wpi.always.srummy.SrummySchema logTheHappinessValue
INFO: Happiness value: 1
Mar 05, 2014 4:40:51 PM edu.wpi.always.srummy.SrummySchema logTheHappinessValue
INFO: Happiness value: 0
Mar 05, 2014 4:41:41 PM edu.wpi.always.srummy.SrummyClient receivedMessage
INFO: User discarded: 0.4
Mar 05, 2014 4:41:43 PM edu.wpi.always.srummy.SrummyClient receivedMessage
INFO: agent discarded: 0.4
Mar 05, 2014 4:41:52 PM edu.wpi.always.srummy.StartGamingSequence$HumanResponds <init>
INFO: User Response Options are:
Mar 05, 2014 4:41:52 PM edu.wpi.always.srummy.StartGamingSequence$HumanResponds <init>
INFO: It was pretty good
Mar 05, 2014 4:41:52 PM edu.wpi.always.srummy.StartGamingSequence$HumanResponds <init>
INFO: But watch me!
Mar 05, 2014 4:41:52 PM edu.wpi.always.srummy.StartGamingSequence$HumanResponds <init>
INFO: I know, you are tricky!
Mar 05, 2014 4:41:58 PM edu.wpi.always.srummy.StartGamingSequence$HumanResponds$1 run
INFO: User selected response: But watch me!
Mar 05, 2014 4:42:52 PM edu.wpi.always.srummy.SrummyClient receivedMessage
INFO: User discarded: 0.4
Mar 05, 2014 4:42:52 PM edu.wpi.always.srummy.StartGamingSequence$HumanComments <init>
INFO: User Comment Options on a human move are:
Mar 05, 2014 4:42:52 PM edu.wpi.always.srummy.StartGamingSequence$HumanComments <init>
INFO: I like playing with you
Mar 05, 2014 4:42:52 PM edu.wpi.always.srummy.StartGamingSequence$HumanComments <init>
INFO: Now did you see that?
Mar 05, 2014 4:43:01 PM edu.wpi.always.srummy.SrummyClient receivedMessage
INFO: agent melded: 0.8
Mar 05, 2014 4:43:01 PM edu.wpi.always.srummy.SrummySchema logTheHappinessValue
INFO: Happiness value: 15
Mar 05, 2014 4:43:07 PM edu.wpi.always.srummy.SrummyClient receivedMessage
INFO: agent discarded: 0.4
Mar 05, 2014 4:43:09 PM edu.wpi.always.srummy.SrummySchema logTheHappinessValue
INFO: Happiness value: 13
Mar 05, 2014 4:43:11 PM edu.wpi.always.srummy.StartGamingSequence$HumanResponds <init>
INFO: User Response Options are:
Mar 05, 2014 4:43:11 PM edu.wpi.always.srummy.StartGamingSequence$HumanResponds <init>
INFO: Wait for mine!
Mar 05, 2014 4:43:11 PM edu.wpi.always.srummy.StartGamingSequence$HumanResponds <init>
INFO: Not really madam robot
Mar 05, 2014 4:43:11 PM edu.wpi.always.srummy.StartGamingSequence$HumanResponds <init>
INFO: Don't get too excited!
Mar 05, 2014 4:43:14 PM edu.wpi.always.srummy.SrummySchema logTheHappinessValue
INFO: Happiness value: 22
Mar 05, 2014 4:43:17 PM edu.wpi.always.srummy.StartGamingSequence$HumanResponds$1 run
INFO: User selected response: Don't get too excited!
Mar 05, 2014 4:43:46 PM edu.wpi.always.srummy.SrummyClient receivedMessage
INFO: User melded: 0.8
Mar 05, 2014 4:44:07 PM edu.wpi.always.srummy.SrummyClient receivedMessage
INFO: User discarded: 0.4
Mar 05, 2014 4:44:11 PM edu.wpi.always.srummy.StartGamingSequence$HumanResponds <init>
INFO: User Response Options are:
Mar 05, 2014 4:44:11 PM edu.wpi.always.srummy.StartGamingSequence$HumanResponds <init>
INFO: Aha!
Mar 05, 2014 4:44:11 PM edu.wpi.always.srummy.StartGamingSequence$HumanResponds <init>
INFO: Thanks
Mar 05, 2014 4:44:11 PM edu.wpi.always.srummy.StartGamingSequence$HumanResponds <init>
INFO: Well try to learn!
Mar 05, 2014 4:44:15 PM edu.wpi.always.srummy.SrummyClient receivedMessage
INFO: agent discarded: 0.4
Mar 05, 2014 4:44:19 PM edu.wpi.always.srummy.SrummySchema logTheHappinessValue
INFO: Happiness value: 0
Mar 05, 2014 4:44:47 PM edu.wpi.always.srummy.SrummySchema logTheHappinessValue
INFO: Happiness value: 35
Mar 05, 2014 4:44:49 PM edu.wpi.always.srummy.SrummyClient receivedMessage
INFO: User discarded: 0.4
Mar 05, 2014 4:44:50 PM edu.wpi.always.srummy.SrummySchema logTheHappinessValue
INFO: Happiness value: 22
Mar 05, 2014 4:44:51 PM edu.wpi.always.srummy.SrummySchema logTheHappinessValue
INFO: Happiness value: 0
Mar 05, 2014 4:44:53 PM edu.wpi.always.srummy.StartGamingSequence$HumanResponds <init>
INFO: User Response Options are:
Mar 05, 2014 4:44:53 PM edu.wpi.always.srummy.StartGamingSequence$HumanResponds <init>
INFO: Me too
Mar 05, 2014 4:44:53 PM edu.wpi.always.srummy.StartGamingSequence$HumanResponds <init>
INFO: It is fun to play with you
Mar 05, 2014 4:44:53 PM edu.wpi.always.srummy.StartGamingSequence$HumanResponds <init>
INFO: Good
Mar 05, 2014 4:44:57 PM edu.wpi.always.srummy.StartGamingSequence$HumanResponds$1 run
INFO: User selected response: Me too
Mar 05, 2014 4:44:58 PM edu.wpi.always.srummy.SrummyClient receivedMessage
INFO: agent discarded: 0.4
Mar 05, 2014 4:45:04 PM edu.wpi.always.srummy.StartGamingSequence$HumanComments <init>
INFO: User Comment Options on a agent move are:
Mar 05, 2014 4:45:04 PM edu.wpi.always.srummy.StartGamingSequence$HumanComments <init>
INFO: I like playing with you
Mar 05, 2014 4:45:04 PM edu.wpi.always.srummy.StartGamingSequence$HumanComments <init>
INFO: You do play very well
Mar 05, 2014 4:45:09 PM edu.wpi.always.srummy.StartGamingSequence$HumanComments$1 run
INFO: User selected response: You do play very well
Mar 05, 2014 4:45:09 PM edu.wpi.always.srummy.StartGamingSequence$AgentResponds enter
INFO: Agent Responded: 
Mar 05, 2014 4:45:38 PM edu.wpi.always.srummy.SrummyClient receivedMessage
INFO: User discarded: 0.4
Mar 05, 2014 4:45:38 PM edu.wpi.always.srummy.StartGamingSequence$HumanComments <init>
INFO: User Comment Options on a human move are:
Mar 05, 2014 4:45:38 PM edu.wpi.always.srummy.StartGamingSequence$HumanComments <init>
INFO: I like playing with you
Mar 05, 2014 4:45:38 PM edu.wpi.always.srummy.StartGamingSequence$HumanComments <init>
INFO: Now did you see that?
Mar 05, 2014 4:45:43 PM edu.wpi.always.srummy.SrummyClient receivedMessage
INFO: agent discarded: 0.4
Mar 05, 2014 4:45:52 PM edu.wpi.always.srummy.StartGamingSequence$HumanResponds <init>
INFO: User Response Options are:
Mar 05, 2014 4:45:52 PM edu.wpi.always.srummy.StartGamingSequence$HumanResponds <init>
INFO: At least I eat!
Mar 05, 2014 4:45:52 PM edu.wpi.always.srummy.StartGamingSequence$HumanResponds <init>
INFO: It was so delicious, you should, oh wait, you can't
Mar 05, 2014 4:45:52 PM edu.wpi.always.srummy.StartGamingSequence$HumanResponds <init>
INFO: Don't forget the toppings, I had jalapeno
Mar 05, 2014 4:45:57 PM edu.wpi.always.srummy.StartGamingSequence$HumanResponds$1 run
INFO: User selected response: At least I eat!
Mar 05, 2014 4:46:13 PM edu.wpi.always.srummy.SrummySchema logTheHappinessValue
INFO: Happiness value: 11
Mar 05, 2014 4:46:13 PM edu.wpi.always.srummy.SrummySchema logTheHappinessValue
INFO: Happiness value: 0
Mar 05, 2014 4:46:22 PM edu.wpi.always.srummy.SrummyClient receivedMessage
INFO: User discarded: 0.4
Mar 05, 2014 4:46:23 PM edu.wpi.always.srummy.SrummySchema logTheHappinessValue
INFO: Happiness value: 67
Mar 05, 2014 4:46:24 PM edu.wpi.always.srummy.SrummyClient receivedMessage
INFO: agent discarded: 0.4
Mar 05, 2014 4:46:31 PM edu.wpi.always.srummy.SrummySchema logTheHappinessValue
INFO: Happiness value: 24
Mar 05, 2014 4:46:33 PM edu.wpi.always.srummy.StartGamingSequence$HumanResponds <init>
INFO: User Response Options are:
Mar 05, 2014 4:46:33 PM edu.wpi.always.srummy.StartGamingSequence$HumanResponds <init>
INFO: Bragging won't get you to win Madam agent
Mar 05, 2014 4:46:33 PM edu.wpi.always.srummy.StartGamingSequence$HumanResponds <init>
INFO: Oh really? tell me, who made you?
Mar 05, 2014 4:46:33 PM edu.wpi.always.srummy.StartGamingSequence$HumanResponds <init>
INFO: How intelligent can a toaster be anyway?
Mar 05, 2014 4:46:36 PM edu.wpi.always.srummy.SrummySchema logTheHappinessValue
INFO: Happiness value: 77
Mar 05, 2014 4:46:37 PM edu.wpi.always.srummy.StartGamingSequence$HumanResponds$1 run
INFO: User selected response: How intelligent can a toaster be anyway?
Mar 05, 2014 4:46:37 PM edu.wpi.always.srummy.SrummySchema logTheHappinessValue
INFO: Happiness value: 8
Mar 05, 2014 4:46:42 PM edu.wpi.always.srummy.SrummySchema logTheHappinessValue
INFO: Happiness value: 36
Mar 05, 2014 4:46:43 PM edu.wpi.always.srummy.SrummySchema logTheHappinessValue
INFO: Happiness value: 32
Mar 05, 2014 4:46:45 PM edu.wpi.always.srummy.SrummySchema logTheHappinessValue
INFO: Happiness value: 25
Mar 05, 2014 4:47:07 PM edu.wpi.always.srummy.SrummySchema logTheHappinessValue
INFO: Happiness value: 2
Mar 05, 2014 4:47:08 PM edu.wpi.always.srummy.SrummySchema logTheHappinessValue
INFO: Happiness value: 0
Mar 05, 2014 4:47:09 PM edu.wpi.always.srummy.SrummySchema logTheHappinessValue
INFO: Happiness value: 21
Mar 05, 2014 4:47:12 PM edu.wpi.always.srummy.SrummyClient receivedMessage
INFO: User discarded: 0.4
Mar 05, 2014 4:47:14 PM edu.wpi.always.srummy.SrummyClient receivedMessage
INFO: agent discarded: 0.4
Mar 05, 2014 4:47:20 PM edu.wpi.always.srummy.StartGamingSequence$HumanComments <init>
INFO: User Comment Options on a agent move are:
Mar 05, 2014 4:47:20 PM edu.wpi.always.srummy.StartGamingSequence$HumanComments <init>
INFO: I like playing with you
Mar 05, 2014 4:47:20 PM edu.wpi.always.srummy.StartGamingSequence$HumanComments <init>
INFO: You do play very well
Mar 05, 2014 4:47:26 PM edu.wpi.always.srummy.SrummySchema logTheHappinessValue
INFO: Happiness value: 15
Mar 05, 2014 4:47:28 PM edu.wpi.always.srummy.SrummySchema logTheHappinessValue
INFO: Happiness value: 17
Mar 05, 2014 4:47:28 PM edu.wpi.always.srummy.SrummySchema logTheHappinessValue
INFO: Happiness value: 0
Mar 05, 2014 4:47:29 PM edu.wpi.always.srummy.SrummySchema logTheHappinessValue
INFO: Happiness value: 38
Mar 05, 2014 4:47:29 PM edu.wpi.always.srummy.SrummySchema logTheHappinessValue
INFO: Happiness value: 91
Mar 05, 2014 4:47:30 PM edu.wpi.always.srummy.SrummySchema logTheHappinessValue
INFO: Happiness value: 93
Mar 05, 2014 4:47:30 PM edu.wpi.always.srummy.SrummySchema logTheHappinessValue
INFO: Happiness value: 26
Mar 05, 2014 4:47:31 PM edu.wpi.always.srummy.SrummySchema logTheHappinessValue
INFO: Happiness value: 67
Mar 05, 2014 4:47:31 PM edu.wpi.always.srummy.SrummySchema logTheHappinessValue
INFO: Happiness value: 64
