Feb 21, 2014 3:17:23 PM edu.wpi.always.srummy.SrummyPlugin main
INFO: Rummy by s3 - Condition: 3
Feb 21, 2014 3:17:34 PM edu.wpi.always.srummy.SrummySchema logTheHappinessValue
INFO: Happiness value: 76
Feb 21, 2014 3:17:35 PM edu.wpi.always.srummy.SrummySchema logTheHappinessValue
INFO: Happiness value: 34
Feb 21, 2014 3:17:35 PM edu.wpi.always.srummy.SrummySchema logTheHappinessValue
INFO: Happiness value: 58
Feb 21, 2014 3:17:36 PM edu.wpi.always.srummy.SrummySchema logTheHappinessValue
INFO: Happiness value: 44
Feb 21, 2014 3:17:37 PM edu.wpi.always.srummy.SrummySchema logTheHappinessValue
INFO: Happiness value: 93
Feb 21, 2014 3:17:37 PM edu.wpi.always.srummy.SrummySchema logTheHappinessValue
INFO: Happiness value: 50
Feb 21, 2014 3:17:38 PM edu.wpi.always.srummy.SrummySchema logTheHappinessValue
INFO: Happiness value: 62
Feb 21, 2014 3:17:45 PM edu.wpi.always.srummy.SrummySchema logTheHappinessValue
INFO: Happiness value: 72
Feb 21, 2014 3:17:47 PM edu.wpi.always.srummy.SrummySchema logTheHappinessValue
INFO: Happiness value: 6
Feb 21, 2014 3:17:47 PM edu.wpi.always.srummy.SrummySchema logTheHappinessValue
INFO: Happiness value: 3
Feb 21, 2014 3:17:48 PM edu.wpi.always.srummy.SrummySchema logTheHappinessValue
INFO: Happiness value: 0
Feb 21, 2014 3:17:50 PM edu.wpi.always.srummy.StartGamingSequence$2 run
INFO: User chosed to go second
Feb 21, 2014 3:17:50 PM edu.wpi.always.srummy.SrummySchema logTheHappinessValue
INFO: Happiness value: 50
Feb 21, 2014 3:17:51 PM edu.wpi.always.srummy.SrummyClient receivedMessage
INFO: agent melded: 0.8
Feb 21, 2014 3:17:51 PM edu.wpi.always.srummy.SrummySchema logTheHappinessValue
INFO: Happiness value: 0
Feb 21, 2014 3:17:52 PM edu.wpi.always.srummy.SrummySchema logTheHappinessValue
INFO: Happiness value: 29
Feb 21, 2014 3:17:57 PM edu.wpi.always.srummy.SrummyClient receivedMessage
INFO: agent discarded: 0.4
Feb 21, 2014 3:18:01 PM edu.wpi.always.srummy.StartGamingSequence$HumanResponds <init>
INFO: User Response Options are:
Feb 21, 2014 3:18:01 PM edu.wpi.always.srummy.StartGamingSequence$HumanResponds <init>
INFO: Not really
Feb 21, 2014 3:18:01 PM edu.wpi.always.srummy.StartGamingSequence$HumanResponds <init>
INFO: Yes
Feb 21, 2014 3:18:01 PM edu.wpi.always.srummy.StartGamingSequence$HumanResponds <init>
INFO: Not sure
Feb 21, 2014 3:18:01 PM edu.wpi.always.srummy.SrummySchema logTheHappinessValue
INFO: Happiness value: 100
Feb 21, 2014 3:18:05 PM edu.wpi.always.srummy.SrummySchema logTheHappinessValue
INFO: Happiness value: 64
Feb 21, 2014 3:18:05 PM edu.wpi.always.srummy.SrummySchema logTheHappinessValue
INFO: Happiness value: 100
Feb 21, 2014 3:18:06 PM edu.wpi.always.srummy.SrummySchema logTheHappinessValue
INFO: Happiness value: 93
Feb 21, 2014 3:18:07 PM edu.wpi.always.srummy.SrummySchema logTheHappinessValue
INFO: Happiness value: 51
Feb 21, 2014 3:18:08 PM edu.wpi.always.srummy.SrummySchema logTheHappinessValue
INFO: Happiness value: 13
Feb 21, 2014 3:18:11 PM edu.wpi.always.srummy.SrummySchema logTheHappinessValue
INFO: Happiness value: 72
Feb 21, 2014 3:18:13 PM edu.wpi.always.srummy.SrummySchema logTheHappinessValue
INFO: Happiness value: 34
Feb 21, 2014 3:18:13 PM edu.wpi.always.srummy.SrummySchema logTheHappinessValue
INFO: Happiness value: 25
Feb 21, 2014 3:18:14 PM edu.wpi.always.srummy.SrummyClient receivedMessage
INFO: User layoff: 0.6
Feb 21, 2014 3:18:14 PM edu.wpi.always.srummy.SrummySchema logTheHappinessValue
INFO: Happiness value: 0
Feb 21, 2014 3:18:14 PM edu.wpi.always.srummy.SrummySchema logTheHappinessValue
INFO: Happiness value: 27
Feb 21, 2014 3:18:15 PM edu.wpi.always.srummy.SrummySchema logTheHappinessValue
INFO: Happiness value: 63
Feb 21, 2014 3:18:18 PM edu.wpi.always.srummy.SrummySchema logTheHappinessValue
INFO: Happiness value: 42
Feb 21, 2014 3:18:18 PM edu.wpi.always.srummy.SrummySchema logTheHappinessValue
INFO: Happiness value: 38
Feb 21, 2014 3:18:19 PM edu.wpi.always.srummy.StartGamingSequence$HumanResponds$1 run
INFO: User selected response: Not really
Feb 21, 2014 3:18:20 PM edu.wpi.always.srummy.SrummySchema logTheHappinessValue
INFO: Happiness value: 36
Feb 21, 2014 3:18:21 PM edu.wpi.always.srummy.SrummySchema logTheHappinessValue
INFO: Happiness value: 70
Feb 21, 2014 3:18:29 PM edu.wpi.always.srummy.SrummySchema logTheHappinessValue
INFO: Happiness value: 0
Feb 21, 2014 3:18:29 PM edu.wpi.always.srummy.SrummySchema logTheHappinessValue
INFO: Happiness value: 45
Feb 21, 2014 3:18:38 PM edu.wpi.always.srummy.SrummyClient receivedMessage
INFO: User discarded: 0.4
Feb 21, 2014 3:18:39 PM edu.wpi.always.srummy.SrummySchema logTheHappinessValue
INFO: Happiness value: 0
Feb 21, 2014 3:18:41 PM edu.wpi.always.srummy.SrummySchema logTheHappinessValue
INFO: Happiness value: 95
Feb 21, 2014 3:18:41 PM edu.wpi.always.srummy.SrummySchema logTheHappinessValue
INFO: Happiness value: 100
Feb 21, 2014 3:18:42 PM edu.wpi.always.srummy.StartGamingSequence$HumanResponds <init>
INFO: User Response Options are:
Feb 21, 2014 3:18:42 PM edu.wpi.always.srummy.StartGamingSequence$HumanResponds <init>
INFO: Yes!
Feb 21, 2014 3:18:42 PM edu.wpi.always.srummy.StartGamingSequence$HumanResponds <init>
INFO: Thanks
Feb 21, 2014 3:18:42 PM edu.wpi.always.srummy.SrummySchema logTheHappinessValue
INFO: Happiness value: 83
Feb 21, 2014 3:18:43 PM edu.wpi.always.srummy.SrummySchema logTheHappinessValue
INFO: Happiness value: 100
Feb 21, 2014 3:18:44 PM edu.wpi.always.srummy.SrummySchema logTheHappinessValue
INFO: Happiness value: 90
Feb 21, 2014 3:18:45 PM edu.wpi.always.srummy.SrummySchema logTheHappinessValue
INFO: Happiness value: 100
Feb 21, 2014 3:18:48 PM edu.wpi.always.srummy.SrummySchema logTheHappinessValue
INFO: Happiness value: 90
Feb 21, 2014 3:18:49 PM edu.wpi.always.srummy.SrummySchema logTheHappinessValue
INFO: Happiness value: 60
Feb 21, 2014 3:18:49 PM edu.wpi.always.srummy.SrummySchema logTheHappinessValue
INFO: Happiness value: 43
Feb 21, 2014 3:18:50 PM edu.wpi.always.srummy.SrummySchema logTheHappinessValue
INFO: Happiness value: 83
Feb 21, 2014 3:18:50 PM edu.wpi.always.srummy.SrummyClient receivedMessage
INFO: agent laid off: 0.6
Feb 21, 2014 3:18:51 PM edu.wpi.always.srummy.SrummySchema logTheHappinessValue
INFO: Happiness value: 41
Feb 21, 2014 3:18:51 PM edu.wpi.always.srummy.SrummySchema logTheHappinessValue
INFO: Happiness value: 62
Feb 21, 2014 3:18:52 PM edu.wpi.always.srummy.SrummySchema logTheHappinessValue
INFO: Happiness value: 42
Feb 21, 2014 3:18:53 PM edu.wpi.always.srummy.SrummySchema logTheHappinessValue
INFO: Happiness value: 83
Feb 21, 2014 3:18:54 PM edu.wpi.always.srummy.SrummySchema logTheHappinessValue
INFO: Happiness value: 78
Feb 21, 2014 3:18:56 PM edu.wpi.always.srummy.SrummyClient receivedMessage
INFO: agent laid off: 0.6
Feb 21, 2014 3:18:57 PM edu.wpi.always.srummy.SrummyClient receivedMessage
INFO: agent discarded: 0.4
Feb 21, 2014 3:18:58 PM edu.wpi.always.srummy.StartGamingSequence$HumanComments <init>
INFO: User Comment Options on a agent move are:
Feb 21, 2014 3:18:58 PM edu.wpi.always.srummy.StartGamingSequence$HumanComments <init>
INFO: Good job on lay off
Feb 21, 2014 3:18:58 PM edu.wpi.always.srummy.StartGamingSequence$HumanComments <init>
INFO: Lay offs are very helpful
Feb 21, 2014 3:18:58 PM edu.wpi.always.srummy.StartGamingSequence$HumanComments <init>
INFO: Keep the cards, why lay off?
Feb 21, 2014 3:18:59 PM edu.wpi.always.srummy.SrummySchema logTheHappinessValue
INFO: Happiness value: 0
Feb 21, 2014 3:18:59 PM edu.wpi.always.srummy.SrummySchema logTheHappinessValue
INFO: Happiness value: 8
Feb 21, 2014 3:19:00 PM edu.wpi.always.srummy.SrummySchema logTheHappinessValue
INFO: Happiness value: 19
Feb 21, 2014 3:19:00 PM edu.wpi.always.srummy.SrummySchema logTheHappinessValue
INFO: Happiness value: 6
Feb 21, 2014 3:19:01 PM edu.wpi.always.srummy.SrummySchema logTheHappinessValue
INFO: Happiness value: 19
Feb 21, 2014 3:19:03 PM edu.wpi.always.srummy.SrummySchema logTheHappinessValue
INFO: Happiness value: 0
Feb 21, 2014 3:19:03 PM edu.wpi.always.srummy.StartGamingSequence$HumanComments$1 run
INFO: User selected response: Good job on lay off
Feb 21, 2014 3:19:03 PM edu.wpi.always.srummy.StartGamingSequence$AgentResponds enter
INFO: Agent Responded: 
Feb 21, 2014 3:19:04 PM edu.wpi.always.srummy.SrummySchema logTheHappinessValue
INFO: Happiness value: 37
Feb 21, 2014 3:19:05 PM edu.wpi.always.srummy.SrummySchema logTheHappinessValue
INFO: Happiness value: 74
Feb 21, 2014 3:19:05 PM edu.wpi.always.srummy.SrummySchema logTheHappinessValue
INFO: Happiness value: 36
Feb 21, 2014 3:19:06 PM edu.wpi.always.srummy.SrummySchema logTheHappinessValue
INFO: Happiness value: 51
Feb 21, 2014 3:19:07 PM edu.wpi.always.srummy.SrummySchema logTheHappinessValue
INFO: Happiness value: 0
Feb 21, 2014 3:19:10 PM edu.wpi.always.srummy.SrummySchema logTheHappinessValue
INFO: Happiness value: 25
Feb 21, 2014 3:19:11 PM edu.wpi.always.srummy.SrummyClient receivedMessage
INFO: User melded: 0.8
Feb 21, 2014 3:19:11 PM edu.wpi.always.srummy.SrummySchema logTheHappinessValue
INFO: Happiness value: 14
Feb 21, 2014 3:19:12 PM edu.wpi.always.srummy.SrummySchema logTheHappinessValue
INFO: Happiness value: 0
Feb 21, 2014 3:19:13 PM edu.wpi.always.srummy.SrummySchema logTheHappinessValue
INFO: Happiness value: 17
Feb 21, 2014 3:19:19 PM edu.wpi.always.srummy.SrummySchema logTheHappinessValue
INFO: Happiness value: 50
Feb 21, 2014 3:19:20 PM edu.wpi.always.srummy.SrummySchema logTheHappinessValue
INFO: Happiness value: 38
Feb 21, 2014 3:19:21 PM edu.wpi.always.srummy.SrummySchema logTheHappinessValue
INFO: Happiness value: 0
Feb 21, 2014 3:19:24 PM edu.wpi.always.srummy.SrummyClient receivedMessage
INFO: User discarded: 0.4
Feb 21, 2014 3:19:24 PM edu.wpi.always.srummy.StartGamingSequence$HumanComments <init>
INFO: User Comment Options on a human move are:
Feb 21, 2014 3:19:24 PM edu.wpi.always.srummy.StartGamingSequence$HumanComments <init>
INFO: Here I go, meld!
Feb 21, 2014 3:19:24 PM edu.wpi.always.srummy.StartGamingSequence$HumanComments <init>
INFO: Best meld ever!
Feb 21, 2014 3:19:24 PM edu.wpi.always.srummy.StartGamingSequence$HumanComments <init>
INFO: I got good cards!
Feb 21, 2014 3:19:25 PM edu.wpi.always.srummy.SrummySchema logTheHappinessValue
INFO: Happiness value: 24
Feb 21, 2014 3:19:26 PM edu.wpi.always.srummy.SrummySchema logTheHappinessValue
INFO: Happiness value: 0
Feb 21, 2014 3:19:29 PM edu.wpi.always.srummy.SrummyClient receivedMessage
INFO: agent laid off: 0.6
Feb 21, 2014 3:19:30 PM edu.wpi.always.srummy.SrummySchema logTheHappinessValue
INFO: Happiness value: 14
Feb 21, 2014 3:19:30 PM edu.wpi.always.srummy.SrummySchema logTheHappinessValue
INFO: Happiness value: 22
Feb 21, 2014 3:19:31 PM edu.wpi.always.srummy.SrummySchema logTheHappinessValue
INFO: Happiness value: 19
Feb 21, 2014 3:19:32 PM edu.wpi.always.srummy.SrummySchema logTheHappinessValue
INFO: Happiness value: 29
Feb 21, 2014 3:19:32 PM edu.wpi.always.srummy.SrummySchema logTheHappinessValue
INFO: Happiness value: 23
Feb 21, 2014 3:19:33 PM edu.wpi.always.srummy.SrummySchema logTheHappinessValue
INFO: Happiness value: 14
Feb 21, 2014 3:19:33 PM edu.wpi.always.srummy.SrummySchema logTheHappinessValue
INFO: Happiness value: 3
Feb 21, 2014 3:19:34 PM edu.wpi.always.srummy.SrummySchema logTheHappinessValue
INFO: Happiness value: 19
Feb 21, 2014 3:19:34 PM edu.wpi.always.srummy.SrummySchema logTheHappinessValue
INFO: Happiness value: 0
Feb 21, 2014 3:19:35 PM edu.wpi.always.srummy.SrummySchema logTheHappinessValue
INFO: Happiness value: 43
Feb 21, 2014 3:19:35 PM edu.wpi.always.srummy.SrummyClient receivedMessage
INFO: agent discarded: 0.4
Feb 21, 2014 3:19:37 PM edu.wpi.always.srummy.StartGamingSequence$HumanComments <init>
INFO: User Comment Options on a agent move are:
Feb 21, 2014 3:19:37 PM edu.wpi.always.srummy.StartGamingSequence$HumanComments <init>
INFO: Good job on lay off
Feb 21, 2014 3:19:37 PM edu.wpi.always.srummy.StartGamingSequence$HumanComments <init>
INFO: Lay offs are very helpful
Feb 21, 2014 3:19:37 PM edu.wpi.always.srummy.StartGamingSequence$HumanComments <init>
INFO: Keep the cards, why lay off?
Feb 21, 2014 3:19:37 PM edu.wpi.always.srummy.SrummySchema logTheHappinessValue
INFO: Happiness value: 0
Feb 21, 2014 3:19:39 PM edu.wpi.always.srummy.SrummySchema logTheHappinessValue
INFO: Happiness value: 13
Feb 21, 2014 3:19:40 PM edu.wpi.always.srummy.SrummySchema logTheHappinessValue
INFO: Happiness value: 34
Feb 21, 2014 3:19:40 PM edu.wpi.always.srummy.SrummySchema logTheHappinessValue
INFO: Happiness value: 0
Feb 21, 2014 3:19:41 PM edu.wpi.always.srummy.SrummySchema logTheHappinessValue
INFO: Happiness value: 56
Feb 21, 2014 3:19:42 PM edu.wpi.always.srummy.SrummySchema logTheHappinessValue
INFO: Happiness value: 19
Feb 21, 2014 3:19:42 PM edu.wpi.always.srummy.SrummySchema logTheHappinessValue
INFO: Happiness value: 0
Feb 21, 2014 3:19:44 PM edu.wpi.always.srummy.SrummySchema logTheHappinessValue
INFO: Happiness value: 9
Feb 21, 2014 3:19:45 PM edu.wpi.always.srummy.StartGamingSequence$HumanComments$1 run
INFO: User selected response: Good job on lay off
Feb 21, 2014 3:19:45 PM edu.wpi.always.srummy.StartGamingSequence$AgentResponds enter
INFO: Agent Responded: Yes!
Feb 21, 2014 3:19:45 PM edu.wpi.always.srummy.SrummySchema logTheHappinessValue
INFO: Happiness value: 25
Feb 21, 2014 3:19:45 PM edu.wpi.always.srummy.SrummySchema logTheHappinessValue
INFO: Happiness value: 0
Feb 21, 2014 3:19:48 PM edu.wpi.always.srummy.SrummySchema logTheHappinessValue
INFO: Happiness value: 15
Feb 21, 2014 3:19:49 PM edu.wpi.always.srummy.SrummySchema logTheHappinessValue
INFO: Happiness value: 0
Feb 21, 2014 3:19:49 PM edu.wpi.always.srummy.SrummySchema logTheHappinessValue
INFO: Happiness value: 22
Feb 21, 2014 3:19:50 PM edu.wpi.always.srummy.SrummySchema logTheHappinessValue
INFO: Happiness value: 24
Feb 21, 2014 3:19:52 PM edu.wpi.always.srummy.SrummySchema logTheHappinessValue
INFO: Happiness value: 22
Feb 21, 2014 3:19:53 PM edu.wpi.always.srummy.SrummySchema logTheHappinessValue
INFO: Happiness value: 2
Feb 21, 2014 3:19:54 PM edu.wpi.always.srummy.SrummySchema logTheHappinessValue
INFO: Happiness value: 0
Feb 21, 2014 3:19:55 PM edu.wpi.always.srummy.SrummyClient receivedMessage
INFO: User melded: 0.8
Feb 21, 2014 3:19:56 PM edu.wpi.always.srummy.SrummySchema logTheHappinessValue
INFO: Happiness value: 4
Feb 21, 2014 3:19:57 PM edu.wpi.always.srummy.SrummySchema logTheHappinessValue
INFO: Happiness value: 0
Feb 21, 2014 3:19:57 PM edu.wpi.always.srummy.SrummySchema logTheHappinessValue
INFO: Happiness value: 17
Feb 21, 2014 3:19:58 PM edu.wpi.always.srummy.SrummySchema logTheHappinessValue
INFO: Happiness value: 0
Feb 21, 2014 3:19:59 PM edu.wpi.always.srummy.SrummySchema logTheHappinessValue
INFO: Happiness value: 21
Feb 21, 2014 3:19:59 PM edu.wpi.always.srummy.SrummyClient receivedMessage
INFO: User discarded: 0.4
Feb 21, 2014 3:19:59 PM edu.wpi.always.srummy.SrummySchema logTheHappinessValue
INFO: Happiness value: 19
Feb 21, 2014 3:20:00 PM edu.wpi.always.srummy.SrummySchema logTheHappinessValue
INFO: Happiness value: 45
Feb 21, 2014 3:20:01 PM edu.wpi.always.srummy.SrummySchema logTheHappinessValue
INFO: Happiness value: 21
Feb 21, 2014 3:20:02 PM edu.wpi.always.srummy.SrummySchema logTheHappinessValue
INFO: Happiness value: 50
Feb 21, 2014 3:20:03 PM edu.wpi.always.srummy.StartGamingSequence$HumanResponds <init>
INFO: User Response Options are:
Feb 21, 2014 3:20:03 PM edu.wpi.always.srummy.StartGamingSequence$HumanResponds <init>
INFO: It is close
Feb 21, 2014 3:20:03 PM edu.wpi.always.srummy.StartGamingSequence$HumanResponds <init>
INFO: Do not worry, too soon to tell
Feb 21, 2014 3:20:03 PM edu.wpi.always.srummy.StartGamingSequence$HumanResponds <init>
INFO: Haha, I am gonna win
Feb 21, 2014 3:20:03 PM edu.wpi.always.srummy.SrummySchema logTheHappinessValue
INFO: Happiness value: 7
Feb 21, 2014 3:20:05 PM edu.wpi.always.srummy.SrummySchema logTheHappinessValue
INFO: Happiness value: 82
Feb 21, 2014 3:20:05 PM edu.wpi.always.srummy.SrummySchema logTheHappinessValue
INFO: Happiness value: 100
Feb 21, 2014 3:20:06 PM edu.wpi.always.srummy.SrummySchema logTheHappinessValue
INFO: Happiness value: 63
Feb 21, 2014 3:20:06 PM edu.wpi.always.srummy.SrummySchema logTheHappinessValue
INFO: Happiness value: 51
Feb 21, 2014 3:20:07 PM edu.wpi.always.srummy.StartGamingSequence$HumanResponds$1 run
INFO: User selected response: Haha, I am gonna win
Feb 21, 2014 3:20:07 PM edu.wpi.always.srummy.SrummySchema logTheHappinessValue
INFO: Happiness value: 14
Feb 21, 2014 3:20:07 PM edu.wpi.always.srummy.SrummySchema logTheHappinessValue
INFO: Happiness value: 38
Feb 21, 2014 3:20:08 PM edu.wpi.always.srummy.SrummyClient receivedMessage
INFO: agent discarded: 0.4
Feb 21, 2014 3:20:12 PM edu.wpi.always.srummy.SrummySchema logTheHappinessValue
INFO: Happiness value: 4
Feb 21, 2014 3:20:19 PM edu.wpi.always.srummy.SrummySchema logTheHappinessValue
INFO: Happiness value: 0
Feb 21, 2014 3:20:21 PM edu.wpi.always.srummy.SrummySchema logTheHappinessValue
INFO: Happiness value: 1
Feb 21, 2014 3:20:23 PM edu.wpi.always.srummy.SrummyClient receivedMessage
INFO: User discarded: 0.4
Feb 21, 2014 3:20:23 PM edu.wpi.always.srummy.SrummySchema logTheHappinessValue
INFO: Happiness value: 0
Feb 21, 2014 3:20:27 PM edu.wpi.always.srummy.StartGamingSequence$HumanResponds <init>
INFO: User Response Options are:
Feb 21, 2014 3:20:27 PM edu.wpi.always.srummy.StartGamingSequence$HumanResponds <init>
INFO: Well do your best
Feb 21, 2014 3:20:27 PM edu.wpi.always.srummy.StartGamingSequence$HumanResponds <init>
INFO: I won't let you
Feb 21, 2014 3:20:27 PM edu.wpi.always.srummy.StartGamingSequence$HumanResponds <init>
INFO: It's just a game
Feb 21, 2014 3:20:28 PM edu.wpi.always.srummy.SrummySchema logTheHappinessValue
INFO: Happiness value: 6
Feb 21, 2014 3:20:28 PM edu.wpi.always.srummy.SrummySchema logTheHappinessValue
INFO: Happiness value: 35
Feb 21, 2014 3:20:30 PM edu.wpi.always.srummy.StartGamingSequence$HumanResponds$1 run
INFO: User selected response: Well do your best
Feb 21, 2014 3:20:31 PM edu.wpi.always.srummy.SrummyClient receivedMessage
INFO: agent discarded: 0.4
Feb 21, 2014 3:20:31 PM edu.wpi.always.srummy.SrummySchema logTheHappinessValue
INFO: Happiness value: 0
Feb 21, 2014 3:20:33 PM edu.wpi.always.srummy.SrummySchema logTheHappinessValue
INFO: Happiness value: 16
Feb 21, 2014 3:20:34 PM edu.wpi.always.srummy.SrummySchema logTheHappinessValue
INFO: Happiness value: 0
Feb 21, 2014 3:20:37 PM edu.wpi.always.srummy.StartGamingSequence$HumanComments <init>
INFO: User Comment Options on a agent move are:
Feb 21, 2014 3:20:37 PM edu.wpi.always.srummy.StartGamingSequence$HumanComments <init>
INFO: You do play very well
Feb 21, 2014 3:20:37 PM edu.wpi.always.srummy.StartGamingSequence$HumanComments <init>
INFO: I like playing with you
Feb 21, 2014 3:20:37 PM edu.wpi.always.srummy.SrummySchema logTheHappinessValue
INFO: Happiness value: 6
Feb 21, 2014 3:20:37 PM edu.wpi.always.srummy.SrummySchema logTheHappinessValue
INFO: Happiness value: 0
Feb 21, 2014 3:20:38 PM edu.wpi.always.srummy.SrummySchema logTheHappinessValue
INFO: Happiness value: 12
Feb 21, 2014 3:20:39 PM edu.wpi.always.srummy.SrummySchema logTheHappinessValue
INFO: Happiness value: 0
Feb 21, 2014 3:20:41 PM edu.wpi.always.srummy.StartGamingSequence$HumanComments$1 run
INFO: User selected response: You do play very well
Feb 21, 2014 3:20:41 PM edu.wpi.always.srummy.StartGamingSequence$AgentResponds enter
INFO: Agent Responded: I know
Feb 21, 2014 3:20:45 PM edu.wpi.always.srummy.SrummySchema logTheHappinessValue
INFO: Happiness value: 100
Feb 21, 2014 3:20:47 PM edu.wpi.always.srummy.SrummySchema logTheHappinessValue
INFO: Happiness value: 53
Feb 21, 2014 3:20:47 PM edu.wpi.always.srummy.SrummySchema logTheHappinessValue
INFO: Happiness value: 42
Feb 21, 2014 3:20:48 PM edu.wpi.always.srummy.SrummySchema logTheHappinessValue
INFO: Happiness value: 80
Feb 21, 2014 3:20:49 PM edu.wpi.always.srummy.SrummySchema logTheHappinessValue
INFO: Happiness value: 72
Feb 21, 2014 3:20:50 PM edu.wpi.always.srummy.SrummySchema logTheHappinessValue
INFO: Happiness value: 58
Feb 21, 2014 3:20:50 PM edu.wpi.always.srummy.SrummySchema logTheHappinessValue
INFO: Happiness value: 24
Feb 21, 2014 3:20:51 PM edu.wpi.always.srummy.SrummySchema logTheHappinessValue
INFO: Happiness value: 4
Feb 21, 2014 3:20:52 PM edu.wpi.always.srummy.SrummySchema logTheHappinessValue
INFO: Happiness value: 34
Feb 21, 2014 3:20:52 PM edu.wpi.always.srummy.SrummySchema logTheHappinessValue
INFO: Happiness value: 19
Feb 21, 2014 3:20:53 PM edu.wpi.always.srummy.SrummySchema logTheHappinessValue
INFO: Happiness value: 29
Feb 21, 2014 3:20:53 PM edu.wpi.always.srummy.SrummySchema logTheHappinessValue
INFO: Happiness value: 0
Feb 21, 2014 3:20:53 PM edu.wpi.always.srummy.SrummyClient receivedMessage
INFO: User layoff: 0.6
Feb 21, 2014 3:20:54 PM edu.wpi.always.srummy.SrummySchema logTheHappinessValue
INFO: Happiness value: 9
Feb 21, 2014 3:20:55 PM edu.wpi.always.srummy.SrummySchema logTheHappinessValue
INFO: Happiness value: 0
Feb 21, 2014 3:20:57 PM edu.wpi.always.srummy.SrummySchema logTheHappinessValue
INFO: Happiness value: 37
Feb 21, 2014 3:20:57 PM edu.wpi.always.srummy.SrummySchema logTheHappinessValue
INFO: Happiness value: 34
Feb 21, 2014 3:20:58 PM edu.wpi.always.srummy.SrummySchema logTheHappinessValue
INFO: Happiness value: 61
Feb 21, 2014 3:20:59 PM edu.wpi.always.srummy.SrummySchema logTheHappinessValue
INFO: Happiness value: 0
Feb 21, 2014 3:20:59 PM edu.wpi.always.srummy.SrummyClient receivedMessage
INFO: User discarded: 0.4
Feb 21, 2014 3:21:01 PM edu.wpi.always.srummy.SrummySchema logTheHappinessValue
INFO: Happiness value: 36
Feb 21, 2014 3:21:01 PM edu.wpi.always.srummy.SrummySchema logTheHappinessValue
INFO: Happiness value: 40
Feb 21, 2014 3:21:03 PM edu.wpi.always.srummy.StartGamingSequence$HumanResponds <init>
INFO: User Response Options are:
Feb 21, 2014 3:21:03 PM edu.wpi.always.srummy.StartGamingSequence$HumanResponds <init>
INFO: Yes!
Feb 21, 2014 3:21:03 PM edu.wpi.always.srummy.StartGamingSequence$HumanResponds <init>
INFO: From my cards of course!
Feb 21, 2014 3:21:03 PM edu.wpi.always.srummy.StartGamingSequence$HumanResponds <init>
INFO: Not gonna stop either!
Feb 21, 2014 3:21:04 PM edu.wpi.always.srummy.SrummySchema logTheHappinessValue
INFO: Happiness value: 84
Feb 21, 2014 3:21:06 PM edu.wpi.always.srummy.SrummySchema logTheHappinessValue
INFO: Happiness value: 100
Feb 21, 2014 3:21:06 PM edu.wpi.always.srummy.StartGamingSequence$HumanResponds$1 run
INFO: User selected response: Yes!
Feb 21, 2014 3:21:06 PM edu.wpi.always.srummy.SrummySchema logTheHappinessValue
INFO: Happiness value: 84
Feb 21, 2014 3:21:07 PM edu.wpi.always.srummy.SrummySchema logTheHappinessValue
INFO: Happiness value: 80
Feb 21, 2014 3:21:07 PM edu.wpi.always.srummy.SrummySchema logTheHappinessValue
INFO: Happiness value: 100
Feb 21, 2014 3:21:07 PM edu.wpi.always.srummy.SrummyClient receivedMessage
INFO: agent discarded: 0.4
Feb 21, 2014 3:21:08 PM edu.wpi.always.srummy.SrummySchema logTheHappinessValue
INFO: Happiness value: 65
Feb 21, 2014 3:21:08 PM edu.wpi.always.srummy.SrummySchema logTheHappinessValue
INFO: Happiness value: 85
Feb 21, 2014 3:21:10 PM edu.wpi.always.srummy.SrummySchema logTheHappinessValue
INFO: Happiness value: 93
Feb 21, 2014 3:21:11 PM edu.wpi.always.srummy.SrummySchema logTheHappinessValue
INFO: Happiness value: 85
Feb 21, 2014 3:21:11 PM edu.wpi.always.srummy.SrummySchema logTheHappinessValue
INFO: Happiness value: 67
Feb 21, 2014 3:21:12 PM edu.wpi.always.srummy.SrummySchema logTheHappinessValue
INFO: Happiness value: 100
Feb 21, 2014 3:21:13 PM edu.wpi.always.srummy.SrummySchema logTheHappinessValue
INFO: Happiness value: 90
Feb 21, 2014 3:21:14 PM edu.wpi.always.srummy.SrummySchema logTheHappinessValue
INFO: Happiness value: 62
Feb 21, 2014 3:21:15 PM edu.wpi.always.srummy.SrummySchema logTheHappinessValue
INFO: Happiness value: 83
Feb 21, 2014 3:21:16 PM edu.wpi.always.srummy.SrummySchema logTheHappinessValue
INFO: Happiness value: 8
Feb 21, 2014 3:21:17 PM edu.wpi.always.srummy.SrummySchema logTheHappinessValue
INFO: Happiness value: 54
Feb 21, 2014 3:21:18 PM edu.wpi.always.srummy.SrummySchema logTheHappinessValue
INFO: Happiness value: 37
Feb 21, 2014 3:21:19 PM edu.wpi.always.srummy.SrummySchema logTheHappinessValue
INFO: Happiness value: 28
Feb 21, 2014 3:21:21 PM edu.wpi.always.srummy.SrummySchema logTheHappinessValue
INFO: Happiness value: 0
Feb 21, 2014 3:21:25 PM edu.wpi.always.srummy.SrummySchema logTheHappinessValue
INFO: Happiness value: 8
Feb 21, 2014 3:21:25 PM edu.wpi.always.srummy.SrummyClient receivedMessage
INFO: User discarded: 0.4
Feb 21, 2014 3:21:26 PM edu.wpi.always.srummy.StartGamingSequence$HumanComments <init>
INFO: User Comment Options on a human move are:
Feb 21, 2014 3:21:26 PM edu.wpi.always.srummy.StartGamingSequence$HumanComments <init>
INFO: Now did you see that?
Feb 21, 2014 3:21:26 PM edu.wpi.always.srummy.StartGamingSequence$HumanComments <init>
INFO: I like playing with you
Feb 21, 2014 3:21:26 PM edu.wpi.always.srummy.SrummySchema logTheHappinessValue
INFO: Happiness value: 32
Feb 21, 2014 3:21:27 PM edu.wpi.always.srummy.SrummySchema logTheHappinessValue
INFO: Happiness value: 31
Feb 21, 2014 3:21:28 PM edu.wpi.always.srummy.SrummySchema logTheHappinessValue
INFO: Happiness value: 1
Feb 21, 2014 3:21:30 PM edu.wpi.always.srummy.StartGamingSequence$HumanComments$1 run
INFO: User selected response: I like playing with you
Feb 21, 2014 3:21:30 PM edu.wpi.always.srummy.StartGamingSequence$AgentResponds enter
INFO: Agent Responded: I learn from smart people like you
Feb 21, 2014 3:21:30 PM edu.wpi.always.srummy.SrummySchema logTheHappinessValue
INFO: Happiness value: 0
Feb 21, 2014 3:21:32 PM edu.wpi.always.srummy.SrummySchema logTheHappinessValue
INFO: Happiness value: 34
Feb 21, 2014 3:21:32 PM edu.wpi.always.srummy.SrummySchema logTheHappinessValue
INFO: Happiness value: 0
Feb 21, 2014 3:21:34 PM edu.wpi.always.srummy.SrummyClient receivedMessage
INFO: agent discarded: 0.4
Feb 21, 2014 3:21:35 PM edu.wpi.always.srummy.SrummySchema logTheHappinessValue
INFO: Happiness value: 46
Feb 21, 2014 3:21:35 PM edu.wpi.always.srummy.SrummySchema logTheHappinessValue
INFO: Happiness value: 0
Feb 21, 2014 3:21:37 PM edu.wpi.always.srummy.SrummySchema logTheHappinessValue
INFO: Happiness value: 22
Feb 21, 2014 3:21:39 PM edu.wpi.always.srummy.SrummySchema logTheHappinessValue
INFO: Happiness value: 5
Feb 21, 2014 3:21:42 PM edu.wpi.always.srummy.SrummySchema logTheHappinessValue
INFO: Happiness value: 16
Feb 21, 2014 3:21:43 PM edu.wpi.always.srummy.StartGamingSequence$HumanResponds <init>
INFO: User Response Options are:
Feb 21, 2014 3:21:43 PM edu.wpi.always.srummy.StartGamingSequence$HumanResponds <init>
INFO: It is fun to play with you
Feb 21, 2014 3:21:43 PM edu.wpi.always.srummy.StartGamingSequence$HumanResponds <init>
INFO: Me too
Feb 21, 2014 3:21:43 PM edu.wpi.always.srummy.StartGamingSequence$HumanResponds <init>
INFO: Good
Feb 21, 2014 3:21:43 PM edu.wpi.always.srummy.SrummySchema logTheHappinessValue
INFO: Happiness value: 100
Feb 21, 2014 3:21:44 PM edu.wpi.always.srummy.SrummySchema logTheHappinessValue
INFO: Happiness value: 93
Feb 21, 2014 3:21:44 PM edu.wpi.always.srummy.SrummySchema logTheHappinessValue
INFO: Happiness value: 22
Feb 21, 2014 3:21:45 PM edu.wpi.always.srummy.SrummySchema logTheHappinessValue
INFO: Happiness value: 38
Feb 21, 2014 3:21:45 PM edu.wpi.always.srummy.SrummySchema logTheHappinessValue
INFO: Happiness value: 37
Feb 21, 2014 3:21:46 PM edu.wpi.always.srummy.StartGamingSequence$HumanResponds$1 run
INFO: User selected response: Me too
Feb 21, 2014 3:21:46 PM edu.wpi.always.srummy.SrummySchema logTheHappinessValue
INFO: Happiness value: 8
Feb 21, 2014 3:21:47 PM edu.wpi.always.srummy.SrummySchema logTheHappinessValue
INFO: Happiness value: 24
Feb 21, 2014 3:21:47 PM edu.wpi.always.srummy.SrummySchema logTheHappinessValue
INFO: Happiness value: 25
Feb 21, 2014 3:21:48 PM edu.wpi.always.srummy.SrummySchema logTheHappinessValue
INFO: Happiness value: 24
Feb 21, 2014 3:21:49 PM edu.wpi.always.srummy.SrummySchema logTheHappinessValue
INFO: Happiness value: 34
Feb 21, 2014 3:21:50 PM edu.wpi.always.srummy.SrummySchema logTheHappinessValue
INFO: Happiness value: 0
Feb 21, 2014 3:21:56 PM edu.wpi.always.srummy.SrummyClient receivedMessage
INFO: User discarded: 0.4
Feb 21, 2014 3:21:56 PM edu.wpi.always.srummy.StartGamingSequence$HumanComments <init>
INFO: User Comment Options on a human move are:
Feb 21, 2014 3:21:56 PM edu.wpi.always.srummy.StartGamingSequence$HumanComments <init>
INFO: Now did you see that?
Feb 21, 2014 3:21:56 PM edu.wpi.always.srummy.StartGamingSequence$HumanComments <init>
INFO: I like playing with you
Feb 21, 2014 3:21:58 PM edu.wpi.always.srummy.SrummySchema logTheHappinessValue
INFO: Happiness value: 18
Feb 21, 2014 3:22:00 PM edu.wpi.always.srummy.SrummyClient receivedMessage
INFO: agent discarded: 0.4
Feb 21, 2014 3:22:03 PM edu.wpi.always.srummy.SrummySchema logTheHappinessValue
INFO: Happiness value: 21
Feb 21, 2014 3:22:03 PM edu.wpi.always.srummy.SrummySchema logTheHappinessValue
INFO: Happiness value: 0
Feb 21, 2014 3:22:06 PM edu.wpi.always.srummy.StartGamingSequence$HumanComments <init>
INFO: User Comment Options on a agent move are:
Feb 21, 2014 3:22:06 PM edu.wpi.always.srummy.StartGamingSequence$HumanComments <init>
INFO: You do play very well
Feb 21, 2014 3:22:06 PM edu.wpi.always.srummy.StartGamingSequence$HumanComments <init>
INFO: I like playing with you
Feb 21, 2014 3:22:08 PM edu.wpi.always.srummy.SrummySchema logTheHappinessValue
INFO: Happiness value: 17
Feb 21, 2014 3:22:09 PM edu.wpi.always.srummy.SrummySchema logTheHappinessValue
INFO: Happiness value: 0
Feb 21, 2014 3:22:09 PM edu.wpi.always.srummy.StartGamingSequence$HumanComments$1 run
INFO: User selected response: I like playing with you
Feb 21, 2014 3:22:09 PM edu.wpi.always.srummy.StartGamingSequence$AgentResponds enter
INFO: Agent Responded: Then we should play more!
Feb 21, 2014 3:22:10 PM edu.wpi.always.srummy.SrummySchema logTheHappinessValue
INFO: Happiness value: 32
Feb 21, 2014 3:22:10 PM edu.wpi.always.srummy.SrummySchema logTheHappinessValue
INFO: Happiness value: 41
Feb 21, 2014 3:22:11 PM edu.wpi.always.srummy.SrummySchema logTheHappinessValue
INFO: Happiness value: 0
Feb 21, 2014 3:22:13 PM edu.wpi.always.srummy.SrummySchema logTheHappinessValue
INFO: Happiness value: 38
Feb 21, 2014 3:22:13 PM edu.wpi.always.srummy.SrummySchema logTheHappinessValue
INFO: Happiness value: 0
Feb 21, 2014 3:22:17 PM edu.wpi.always.srummy.SrummyClient receivedMessage
INFO: User discarded: 0.4
Feb 21, 2014 3:22:18 PM edu.wpi.always.srummy.SrummySchema logTheHappinessValue
INFO: Happiness value: 51
Feb 21, 2014 3:22:19 PM edu.wpi.always.srummy.SrummySchema logTheHappinessValue
INFO: Happiness value: 71
Feb 21, 2014 3:22:21 PM edu.wpi.always.srummy.StartGamingSequence$HumanResponds <init>
INFO: User Response Options are:
Feb 21, 2014 3:22:21 PM edu.wpi.always.srummy.StartGamingSequence$HumanResponds <init>
INFO: At least I eat!
Feb 21, 2014 3:22:21 PM edu.wpi.always.srummy.StartGamingSequence$HumanResponds <init>
INFO: Don't forget the toppings, I had jalapeno
Feb 21, 2014 3:22:21 PM edu.wpi.always.srummy.StartGamingSequence$HumanResponds <init>
INFO: It was so delicious, you should, oh wait, you can't
Feb 21, 2014 3:22:21 PM edu.wpi.always.srummy.SrummySchema logTheHappinessValue
INFO: Happiness value: 53
Feb 21, 2014 3:22:25 PM edu.wpi.always.srummy.SrummySchema logTheHappinessValue
INFO: Happiness value: 78
Feb 21, 2014 3:22:27 PM edu.wpi.always.srummy.SrummySchema logTheHappinessValue
INFO: Happiness value: 58
Feb 21, 2014 3:22:28 PM edu.wpi.always.srummy.SrummySchema logTheHappinessValue
INFO: Happiness value: 36
Feb 21, 2014 3:22:29 PM edu.wpi.always.srummy.SrummySchema logTheHappinessValue
INFO: Happiness value: 75
Feb 21, 2014 3:22:30 PM edu.wpi.always.srummy.SrummyClient receivedMessage
INFO: agent discarded: 0.4
Feb 21, 2014 3:22:31 PM edu.wpi.always.srummy.SrummySchema logTheHappinessValue
INFO: Happiness value: 45
Feb 21, 2014 3:22:31 PM edu.wpi.always.srummy.SrummySchema logTheHappinessValue
INFO: Happiness value: 52
Feb 21, 2014 3:22:32 PM edu.wpi.always.srummy.SrummySchema logTheHappinessValue
INFO: Happiness value: 32
Feb 21, 2014 3:22:32 PM edu.wpi.always.srummy.SrummySchema logTheHappinessValue
INFO: Happiness value: 0
Feb 21, 2014 3:22:33 PM edu.wpi.always.srummy.SrummySchema logTheHappinessValue
INFO: Happiness value: 2
Feb 21, 2014 3:22:33 PM edu.wpi.always.srummy.SrummySchema logTheHappinessValue
INFO: Happiness value: 40
Feb 21, 2014 3:22:34 PM edu.wpi.always.srummy.SrummySchema logTheHappinessValue
INFO: Happiness value: 33
Feb 21, 2014 3:22:34 PM edu.wpi.always.srummy.SrummySchema logTheHappinessValue
INFO: Happiness value: 36
Feb 21, 2014 3:22:35 PM edu.wpi.always.srummy.SrummySchema logTheHappinessValue
INFO: Happiness value: 0
Feb 21, 2014 3:22:35 PM edu.wpi.always.srummy.SrummySchema logTheHappinessValue
INFO: Happiness value: 9
Feb 21, 2014 3:22:36 PM edu.wpi.always.srummy.SrummySchema logTheHappinessValue
INFO: Happiness value: 14
Feb 21, 2014 3:22:36 PM edu.wpi.always.srummy.SrummySchema logTheHappinessValue
INFO: Happiness value: 1
Feb 21, 2014 3:22:37 PM edu.wpi.always.srummy.SrummySchema logTheHappinessValue
INFO: Happiness value: 16
Feb 21, 2014 3:22:38 PM edu.wpi.always.srummy.SrummySchema logTheHappinessValue
INFO: Happiness value: 13
Feb 21, 2014 3:22:38 PM edu.wpi.always.srummy.SrummySchema logTheHappinessValue
INFO: Happiness value: 0
Feb 21, 2014 3:22:41 PM edu.wpi.always.srummy.SrummySchema logTheHappinessValue
INFO: Happiness value: 16
Feb 21, 2014 3:22:42 PM edu.wpi.always.srummy.SrummySchema logTheHappinessValue
INFO: Happiness value: 27
Feb 21, 2014 3:22:42 PM edu.wpi.always.srummy.SrummySchema logTheHappinessValue
INFO: Happiness value: 85
Feb 21, 2014 3:22:43 PM edu.wpi.always.srummy.SrummySchema logTheHappinessValue
INFO: Happiness value: 0
Feb 21, 2014 3:22:43 PM edu.wpi.always.srummy.SrummySchema logTheHappinessValue
INFO: Happiness value: 5
Feb 21, 2014 3:22:44 PM edu.wpi.always.srummy.SrummySchema logTheHappinessValue
INFO: Happiness value: 0
Feb 21, 2014 3:22:45 PM edu.wpi.always.srummy.SrummySchema logTheHappinessValue
INFO: Happiness value: 4
Feb 21, 2014 3:22:45 PM edu.wpi.always.srummy.SrummyClient receivedMessage
INFO: User layoff: 0.6
Feb 21, 2014 3:22:46 PM edu.wpi.always.srummy.SrummySchema logTheHappinessValue
INFO: Happiness value: 0
Feb 21, 2014 3:22:53 PM edu.wpi.always.srummy.SrummyClient receivedMessage
INFO: User discarded: 0.4
Feb 21, 2014 3:22:55 PM edu.wpi.always.srummy.SrummySchema logTheHappinessValue
INFO: Happiness value: 9
Feb 21, 2014 3:22:56 PM edu.wpi.always.srummy.SrummySchema logTheHappinessValue
INFO: Happiness value: 45
Feb 21, 2014 3:22:56 PM edu.wpi.always.srummy.SrummySchema logTheHappinessValue
INFO: Happiness value: 11
Feb 21, 2014 3:22:57 PM edu.wpi.always.srummy.StartGamingSequence$HumanResponds <init>
INFO: User Response Options are:
Feb 21, 2014 3:22:57 PM edu.wpi.always.srummy.StartGamingSequence$HumanResponds <init>
INFO: Yes!
Feb 21, 2014 3:22:57 PM edu.wpi.always.srummy.StartGamingSequence$HumanResponds <init>
INFO: Thanks
Feb 21, 2014 3:22:57 PM edu.wpi.always.srummy.SrummySchema logTheHappinessValue
INFO: Happiness value: 0
Feb 21, 2014 3:22:57 PM edu.wpi.always.srummy.SrummySchema logTheHappinessValue
INFO: Happiness value: 22
Feb 21, 2014 3:22:58 PM edu.wpi.always.srummy.SrummySchema logTheHappinessValue
INFO: Happiness value: 0
Feb 21, 2014 3:23:00 PM edu.wpi.always.srummy.SrummyClient receivedMessage
INFO: agent discarded: 0.4
Feb 21, 2014 3:23:03 PM edu.wpi.always.srummy.SrummySchema logTheHappinessValue
INFO: Happiness value: 42
Feb 21, 2014 3:23:03 PM edu.wpi.always.srummy.SrummySchema logTheHappinessValue
INFO: Happiness value: 16
Feb 21, 2014 3:23:05 PM edu.wpi.always.srummy.SrummySchema logTheHappinessValue
INFO: Happiness value: 0
Feb 21, 2014 3:23:08 PM edu.wpi.always.srummy.SrummySchema logTheHappinessValue
INFO: Happiness value: 16
Feb 21, 2014 3:23:09 PM edu.wpi.always.srummy.SrummySchema logTheHappinessValue
INFO: Happiness value: 0
Feb 21, 2014 3:23:10 PM edu.wpi.always.srummy.SrummySchema logTheHappinessValue
INFO: Happiness value: 37
Feb 21, 2014 3:23:11 PM edu.wpi.always.srummy.SrummySchema logTheHappinessValue
INFO: Happiness value: 0
Feb 21, 2014 3:23:11 PM edu.wpi.always.srummy.SrummySchema logTheHappinessValue
INFO: Happiness value: 26
Feb 21, 2014 3:23:12 PM edu.wpi.always.srummy.SrummySchema logTheHappinessValue
INFO: Happiness value: 32
Feb 21, 2014 3:23:14 PM edu.wpi.always.srummy.SrummySchema logTheHappinessValue
INFO: Happiness value: 0
Feb 21, 2014 3:23:16 PM edu.wpi.always.srummy.SrummyClient receivedMessage
INFO: User discarded: 0.4
Feb 21, 2014 3:23:16 PM edu.wpi.always.srummy.StartGamingSequence$HumanComments <init>
INFO: User Comment Options on a human move are:
Feb 21, 2014 3:23:16 PM edu.wpi.always.srummy.StartGamingSequence$HumanComments <init>
INFO: Now did you see that?
Feb 21, 2014 3:23:16 PM edu.wpi.always.srummy.StartGamingSequence$HumanComments <init>
INFO: I like playing with you
Feb 21, 2014 3:23:17 PM edu.wpi.always.srummy.SrummySchema logTheHappinessValue
INFO: Happiness value: 15
Feb 21, 2014 3:23:20 PM edu.wpi.always.srummy.SrummySchema logTheHappinessValue
INFO: Happiness value: 0
Feb 21, 2014 3:23:20 PM edu.wpi.always.srummy.SrummyClient receivedMessage
INFO: agent discarded: 0.4
Feb 21, 2014 3:23:21 PM edu.wpi.always.srummy.SrummySchema logTheHappinessValue
INFO: Happiness value: 24
Feb 21, 2014 3:23:22 PM edu.wpi.always.srummy.SrummySchema logTheHappinessValue
INFO: Happiness value: 22
Feb 21, 2014 3:23:29 PM edu.wpi.always.srummy.StartGamingSequence$HumanResponds <init>
INFO: User Response Options are:
Feb 21, 2014 3:23:29 PM edu.wpi.always.srummy.StartGamingSequence$HumanResponds <init>
INFO: Good
Feb 21, 2014 3:23:29 PM edu.wpi.always.srummy.StartGamingSequence$HumanResponds <init>
INFO: It is fun to play with you
Feb 21, 2014 3:23:29 PM edu.wpi.always.srummy.StartGamingSequence$HumanResponds <init>
INFO: Me too
Feb 21, 2014 3:23:34 PM edu.wpi.always.srummy.SrummySchema logTheHappinessValue
INFO: Happiness value: 4
Feb 21, 2014 3:23:35 PM edu.wpi.always.srummy.SrummySchema logTheHappinessValue
INFO: Happiness value: 0
Feb 21, 2014 3:23:40 PM edu.wpi.always.srummy.SrummySchema logTheHappinessValue
INFO: Happiness value: 8
Feb 21, 2014 3:23:40 PM edu.wpi.always.srummy.SrummySchema logTheHappinessValue
INFO: Happiness value: 14
Feb 21, 2014 3:23:41 PM edu.wpi.always.srummy.SrummySchema logTheHappinessValue
INFO: Happiness value: 0
Feb 21, 2014 3:23:42 PM edu.wpi.always.srummy.SrummySchema logTheHappinessValue
INFO: Happiness value: 43
Feb 21, 2014 3:23:42 PM edu.wpi.always.srummy.SrummySchema logTheHappinessValue
INFO: Happiness value: 0
Feb 21, 2014 3:23:45 PM edu.wpi.always.srummy.SrummyClient receivedMessage
INFO: User discarded: 0.4
Feb 21, 2014 3:23:45 PM edu.wpi.always.srummy.StartGamingSequence$HumanResponds humanMoveReceived
INFO: User skipped response.
Feb 21, 2014 3:23:45 PM edu.wpi.always.srummy.StartGamingSequence$HumanComments <init>
INFO: User Comment Options on a human move are:
Feb 21, 2014 3:23:45 PM edu.wpi.always.srummy.StartGamingSequence$HumanComments <init>
INFO: Now did you see that?
Feb 21, 2014 3:23:45 PM edu.wpi.always.srummy.StartGamingSequence$HumanComments <init>
INFO: I like playing with you
Feb 21, 2014 3:23:45 PM edu.wpi.always.srummy.SrummySchema logTheHappinessValue
INFO: Happiness value: 6
Feb 21, 2014 3:23:45 PM edu.wpi.always.srummy.SrummySchema logTheHappinessValue
INFO: Happiness value: 28
Feb 21, 2014 3:23:47 PM edu.wpi.always.srummy.SrummySchema logTheHappinessValue
INFO: Happiness value: 0
Feb 21, 2014 3:23:47 PM edu.wpi.always.srummy.SrummySchema logTheHappinessValue
INFO: Happiness value: 7
Feb 21, 2014 3:23:48 PM edu.wpi.always.srummy.SrummySchema logTheHappinessValue
INFO: Happiness value: 34
Feb 21, 2014 3:23:48 PM edu.wpi.always.srummy.SrummyClient receivedMessage
INFO: agent discarded: 0.4
Feb 21, 2014 3:23:48 PM edu.wpi.always.srummy.SrummySchema logTheHappinessValue
INFO: Happiness value: 0
Feb 21, 2014 3:23:51 PM edu.wpi.always.srummy.SrummySchema logTheHappinessValue
INFO: Happiness value: 74
Feb 21, 2014 3:23:52 PM edu.wpi.always.srummy.SrummySchema logTheHappinessValue
INFO: Happiness value: 32
Feb 21, 2014 3:23:52 PM edu.wpi.always.srummy.SrummySchema logTheHappinessValue
INFO: Happiness value: 0
Feb 21, 2014 3:23:53 PM edu.wpi.always.srummy.SrummySchema logTheHappinessValue
INFO: Happiness value: 44
Feb 21, 2014 3:23:54 PM edu.wpi.always.srummy.SrummySchema logTheHappinessValue
INFO: Happiness value: 0
Feb 21, 2014 3:23:55 PM edu.wpi.always.srummy.SrummySchema logTheHappinessValue
INFO: Happiness value: 6
Feb 21, 2014 3:23:55 PM edu.wpi.always.srummy.SrummySchema logTheHappinessValue
INFO: Happiness value: 0
Feb 21, 2014 3:23:56 PM edu.wpi.always.srummy.SrummySchema logTheHappinessValue
INFO: Happiness value: 17
Feb 21, 2014 3:23:56 PM edu.wpi.always.srummy.SrummySchema logTheHappinessValue
INFO: Happiness value: 6
Feb 21, 2014 3:23:57 PM edu.wpi.always.srummy.SrummySchema logTheHappinessValue
INFO: Happiness value: 0
Feb 21, 2014 3:23:58 PM edu.wpi.always.srummy.SrummySchema logTheHappinessValue
INFO: Happiness value: 14
Feb 21, 2014 3:23:59 PM edu.wpi.always.srummy.SrummySchema logTheHappinessValue
INFO: Happiness value: 1
Feb 21, 2014 3:24:00 PM edu.wpi.always.srummy.SrummyClient receivedMessage
INFO: User discarded: 0.4
Feb 21, 2014 3:24:00 PM edu.wpi.always.srummy.StartGamingSequence$HumanComments <init>
INFO: User Comment Options on a human move are:
Feb 21, 2014 3:24:00 PM edu.wpi.always.srummy.StartGamingSequence$HumanComments <init>
INFO: Now did you see that?
Feb 21, 2014 3:24:00 PM edu.wpi.always.srummy.StartGamingSequence$HumanComments <init>
INFO: I like playing with you
Feb 21, 2014 3:24:00 PM edu.wpi.always.srummy.SrummySchema logTheHappinessValue
INFO: Happiness value: 0
Feb 21, 2014 3:24:04 PM edu.wpi.always.srummy.SrummyClient receivedMessage
INFO: agent discarded: 0.4
Feb 21, 2014 3:24:17 PM edu.wpi.always.srummy.SrummyClient receivedMessage
INFO: User discarded: 0.4
Feb 21, 2014 3:24:18 PM edu.wpi.always.srummy.SrummyClient receivedMessage
INFO: agent discarded: 0.4
Feb 21, 2014 3:24:24 PM edu.wpi.always.srummy.StartGamingSequence$HumanComments <init>
INFO: User Comment Options on a agent move are:
Feb 21, 2014 3:24:24 PM edu.wpi.always.srummy.StartGamingSequence$HumanComments <init>
INFO: You do play very well
Feb 21, 2014 3:24:24 PM edu.wpi.always.srummy.StartGamingSequence$HumanComments <init>
INFO: I like playing with you
Feb 21, 2014 3:24:28 PM edu.wpi.always.srummy.StartGamingSequence$HumanComments$1 run
INFO: User selected response: You do play very well
Feb 21, 2014 3:24:28 PM edu.wpi.always.srummy.StartGamingSequence$AgentResponds enter
INFO: Agent Responded: I am very happy to hear that
Feb 21, 2014 3:24:36 PM edu.wpi.always.srummy.SrummyClient receivedMessage
INFO: User discarded: 0.4
Feb 21, 2014 3:24:36 PM edu.wpi.always.srummy.StartGamingSequence$HumanComments <init>
INFO: User Comment Options on a human move are:
Feb 21, 2014 3:24:36 PM edu.wpi.always.srummy.StartGamingSequence$HumanComments <init>
INFO: Now did you see that?
Feb 21, 2014 3:24:36 PM edu.wpi.always.srummy.StartGamingSequence$HumanComments <init>
INFO: I like playing with you
Feb 21, 2014 3:24:39 PM edu.wpi.always.srummy.StartGamingSequence$HumanComments$1 run
INFO: User selected response: I like playing with you
Feb 21, 2014 3:24:39 PM edu.wpi.always.srummy.StartGamingSequence$AgentResponds enter
INFO: Agent Responded: I learn from smart people like you
Feb 21, 2014 3:24:43 PM edu.wpi.always.srummy.SrummyClient receivedMessage
INFO: agent discarded: 0.4
Feb 21, 2014 3:24:49 PM edu.wpi.always.srummy.StartGamingSequence$HumanComments <init>
INFO: User Comment Options on a agent move are:
Feb 21, 2014 3:24:49 PM edu.wpi.always.srummy.StartGamingSequence$HumanComments <init>
INFO: You do play very well
Feb 21, 2014 3:24:49 PM edu.wpi.always.srummy.StartGamingSequence$HumanComments <init>
INFO: I like playing with you
Feb 21, 2014 3:24:52 PM edu.wpi.always.srummy.StartGamingSequence$HumanComments$1 run
INFO: User selected response: You do play very well
Feb 21, 2014 3:24:52 PM edu.wpi.always.srummy.StartGamingSequence$AgentResponds enter
INFO: Agent Responded: Thanks, I like it too
Feb 21, 2014 3:25:00 PM edu.wpi.always.srummy.SrummyClient receivedMessage
INFO: User discarded: 0.4
Feb 21, 2014 3:25:01 PM edu.wpi.always.srummy.SrummyClient receivedMessage
INFO: agent discarded: 0.4
Feb 21, 2014 3:25:19 PM edu.wpi.always.srummy.SrummyClient receivedMessage
INFO: User discarded: 0.4
Feb 21, 2014 3:25:23 PM edu.wpi.always.srummy.StartGamingSequence$HumanResponds <init>
INFO: User Response Options are:
Feb 21, 2014 3:25:23 PM edu.wpi.always.srummy.StartGamingSequence$HumanResponds <init>
INFO: Good
Feb 21, 2014 3:25:23 PM edu.wpi.always.srummy.StartGamingSequence$HumanResponds <init>
INFO: Show me what you can do!
Feb 21, 2014 3:25:23 PM edu.wpi.always.srummy.StartGamingSequence$HumanResponds <init>
INFO: Well go ahead
Feb 21, 2014 3:25:25 PM edu.wpi.always.srummy.SrummySchema logTheHappinessValue
INFO: Happiness value: 88
Feb 21, 2014 3:25:26 PM edu.wpi.always.srummy.SrummySchema logTheHappinessValue
INFO: Happiness value: 32
Feb 21, 2014 3:25:29 PM edu.wpi.always.srummy.SrummySchema logTheHappinessValue
INFO: Happiness value: 45
Feb 21, 2014 3:25:31 PM edu.wpi.always.srummy.SrummySchema logTheHappinessValue
INFO: Happiness value: 97
Feb 21, 2014 3:25:36 PM edu.wpi.always.srummy.SrummySchema logTheHappinessValue
INFO: Happiness value: 64
Feb 21, 2014 3:25:36 PM edu.wpi.always.srummy.SrummySchema logTheHappinessValue
INFO: Happiness value: 2
Feb 21, 2014 3:25:37 PM edu.wpi.always.srummy.SrummySchema logTheHappinessValue
INFO: Happiness value: 55
Feb 21, 2014 3:25:39 PM edu.wpi.always.srummy.SrummySchema logTheHappinessValue
INFO: Happiness value: 100
Feb 21, 2014 3:25:39 PM edu.wpi.always.srummy.SrummySchema logTheHappinessValue
INFO: Happiness value: 50
Feb 21, 2014 3:25:40 PM edu.wpi.always.srummy.SrummySchema logTheHappinessValue
INFO: Happiness value: 43
Feb 21, 2014 3:25:41 PM edu.wpi.always.srummy.SrummySchema logTheHappinessValue
INFO: Happiness value: 93
