Feb 25, 2014 4:36:31 PM edu.wpi.always.srummy.SrummyPlugin main
INFO: Rummy by s7 - Condition: 3
Feb 25, 2014 4:36:46 PM edu.wpi.always.srummy.SrummySchema logTheHappinessValue
INFO: Happiness value: 4
Feb 25, 2014 4:36:47 PM edu.wpi.always.srummy.SrummySchema logTheHappinessValue
INFO: Happiness value: 1
Feb 25, 2014 4:36:49 PM edu.wpi.always.srummy.SrummySchema logTheHappinessValue
INFO: Happiness value: 5
Feb 25, 2014 4:36:56 PM edu.wpi.always.srummy.StartGamingSequence$2 run
INFO: User chosed to go second
Feb 25, 2014 4:36:56 PM edu.wpi.always.srummy.SrummySchema logTheHappinessValue
INFO: Happiness value: 38
Feb 25, 2014 4:36:57 PM edu.wpi.always.srummy.SrummyClient receivedMessage
INFO: agent melded: 0.8
Feb 25, 2014 4:36:58 PM edu.wpi.always.srummy.SrummySchema logTheHappinessValue
INFO: Happiness value: 14
Feb 25, 2014 4:37:04 PM edu.wpi.always.srummy.SrummyClient receivedMessage
INFO: agent melded: 0.8
Feb 25, 2014 4:37:06 PM edu.wpi.always.srummy.SrummyClient receivedMessage
INFO: agent discarded: 0.4
Feb 25, 2014 4:37:10 PM edu.wpi.always.srummy.StartGamingSequence$HumanResponds <init>
INFO: User Response Options are:
Feb 25, 2014 4:37:10 PM edu.wpi.always.srummy.StartGamingSequence$HumanResponds <init>
INFO: Good!
Feb 25, 2014 4:37:10 PM edu.wpi.always.srummy.StartGamingSequence$HumanResponds <init>
INFO: Terrible!
Feb 25, 2014 4:37:10 PM edu.wpi.always.srummy.StartGamingSequence$HumanResponds <init>
INFO: Not gonna tell you!
Feb 25, 2014 4:37:14 PM edu.wpi.always.srummy.SrummySchema logTheHappinessValue
INFO: Happiness value: 23
Feb 25, 2014 4:37:14 PM edu.wpi.always.srummy.SrummySchema logTheHappinessValue
INFO: Happiness value: 36
Feb 25, 2014 4:37:16 PM edu.wpi.always.srummy.SrummySchema logTheHappinessValue
INFO: Happiness value: 21
Feb 25, 2014 4:37:17 PM edu.wpi.always.srummy.SrummySchema logTheHappinessValue
INFO: Happiness value: 72
Feb 25, 2014 4:37:19 PM edu.wpi.always.srummy.StartGamingSequence$HumanResponds$1 run
INFO: User selected response: Terrible!
Feb 25, 2014 4:37:23 PM edu.wpi.always.srummy.SrummySchema logTheHappinessValue
INFO: Happiness value: 36
Feb 25, 2014 4:37:26 PM edu.wpi.always.srummy.SrummySchema logTheHappinessValue
INFO: Happiness value: 33
Feb 25, 2014 4:37:32 PM edu.wpi.always.srummy.SrummyClient receivedMessage
INFO: User discarded: 0.4
Feb 25, 2014 4:37:34 PM edu.wpi.always.srummy.SrummySchema logTheHappinessValue
INFO: Happiness value: 0
Feb 25, 2014 4:37:34 PM edu.wpi.always.srummy.SrummySchema logTheHappinessValue
INFO: Happiness value: 22
Feb 25, 2014 4:37:36 PM edu.wpi.always.srummy.StartGamingSequence$HumanResponds <init>
INFO: User Response Options are:
Feb 25, 2014 4:37:36 PM edu.wpi.always.srummy.StartGamingSequence$HumanResponds <init>
INFO: Well do your best
Feb 25, 2014 4:37:36 PM edu.wpi.always.srummy.StartGamingSequence$HumanResponds <init>
INFO: I won't let you
Feb 25, 2014 4:37:36 PM edu.wpi.always.srummy.StartGamingSequence$HumanResponds <init>
INFO: It's just a game
Feb 25, 2014 4:37:43 PM edu.wpi.always.srummy.StartGamingSequence$HumanResponds$1 run
INFO: User selected response: Well do your best
Feb 25, 2014 4:37:44 PM edu.wpi.always.srummy.SrummyClient receivedMessage
INFO: agent discarded: 0.4
Feb 25, 2014 4:37:45 PM edu.wpi.always.srummy.SrummySchema logTheHappinessValue
INFO: Happiness value: 17
Feb 25, 2014 4:38:03 PM edu.wpi.always.srummy.SrummyClient receivedMessage
INFO: User discarded: 0.4
Feb 25, 2014 4:38:05 PM edu.wpi.always.srummy.SrummyClient receivedMessage
INFO: agent discarded: 0.4
Feb 25, 2014 4:38:13 PM edu.wpi.always.srummy.SrummySchema logTheHappinessValue
INFO: Happiness value: 33
Feb 25, 2014 4:38:14 PM edu.wpi.always.srummy.SrummySchema logTheHappinessValue
INFO: Happiness value: 32
Feb 25, 2014 4:38:14 PM edu.wpi.always.srummy.SrummySchema logTheHappinessValue
INFO: Happiness value: 42
Feb 25, 2014 4:38:19 PM edu.wpi.always.srummy.SrummySchema logTheHappinessValue
INFO: Happiness value: 17
Feb 25, 2014 4:38:20 PM edu.wpi.always.srummy.SrummySchema logTheHappinessValue
INFO: Happiness value: 40
Feb 25, 2014 4:38:40 PM edu.wpi.always.srummy.SrummyClient receivedMessage
INFO: User discarded: 0.4
Feb 25, 2014 4:38:40 PM edu.wpi.always.srummy.StartGamingSequence$HumanComments <init>
INFO: User Comment Options on a human move are:
Feb 25, 2014 4:38:40 PM edu.wpi.always.srummy.StartGamingSequence$HumanComments <init>
INFO: I like playing with you
Feb 25, 2014 4:38:40 PM edu.wpi.always.srummy.StartGamingSequence$HumanComments <init>
INFO: Now did you see that?
Feb 25, 2014 4:38:41 PM edu.wpi.always.srummy.SrummySchema logTheHappinessValue
INFO: Happiness value: 0
Feb 25, 2014 4:38:42 PM edu.wpi.always.srummy.SrummySchema logTheHappinessValue
INFO: Happiness value: 41
Feb 25, 2014 4:38:42 PM edu.wpi.always.srummy.SrummySchema logTheHappinessValue
INFO: Happiness value: 34
Feb 25, 2014 4:38:47 PM edu.wpi.always.srummy.SrummySchema logTheHappinessValue
INFO: Happiness value: 9
Feb 25, 2014 4:38:47 PM edu.wpi.always.srummy.SrummySchema logTheHappinessValue
INFO: Happiness value: 0
Feb 25, 2014 4:38:47 PM edu.wpi.always.srummy.SrummyClient receivedMessage
INFO: agent discarded: 0.4
Feb 25, 2014 4:39:00 PM edu.wpi.always.srummy.StartGamingSequence$HumanResponds <init>
INFO: User Response Options are:
Feb 25, 2014 4:39:00 PM edu.wpi.always.srummy.StartGamingSequence$HumanResponds <init>
INFO: Don't forget the toppings, I had jalapeno
Feb 25, 2014 4:39:00 PM edu.wpi.always.srummy.StartGamingSequence$HumanResponds <init>
INFO: At least I eat!
Feb 25, 2014 4:39:00 PM edu.wpi.always.srummy.StartGamingSequence$HumanResponds <init>
INFO: It was so delicious, you should, oh wait, you can't
Feb 25, 2014 4:39:05 PM edu.wpi.always.srummy.SrummySchema logTheHappinessValue
INFO: Happiness value: 7
Feb 25, 2014 4:39:14 PM edu.wpi.always.srummy.StartGamingSequence$HumanResponds$1 run
INFO: User selected response: Don't forget the toppings, I had jalapeno
Feb 25, 2014 4:39:15 PM edu.wpi.always.srummy.SrummySchema logTheHappinessValue
INFO: Happiness value: 8
Feb 25, 2014 4:39:17 PM edu.wpi.always.srummy.SrummySchema logTheHappinessValue
INFO: Happiness value: 63
Feb 25, 2014 4:39:34 PM edu.wpi.always.srummy.SrummyClient receivedMessage
INFO: User discarded: 0.4
Feb 25, 2014 4:39:35 PM edu.wpi.always.srummy.SrummySchema logTheHappinessValue
INFO: Happiness value: 0
Feb 25, 2014 4:39:36 PM edu.wpi.always.srummy.SrummySchema logTheHappinessValue
INFO: Happiness value: 16
Feb 25, 2014 4:39:36 PM edu.wpi.always.srummy.SrummyClient receivedMessage
INFO: agent discarded: 0.4
Feb 25, 2014 4:39:38 PM edu.wpi.always.srummy.SrummySchema logTheHappinessValue
INFO: Happiness value: 7
Feb 25, 2014 4:39:43 PM edu.wpi.always.srummy.SrummySchema logTheHappinessValue
INFO: Happiness value: 0
Feb 25, 2014 4:39:45 PM edu.wpi.always.srummy.StartGamingSequence$HumanResponds <init>
INFO: User Response Options are:
Feb 25, 2014 4:39:45 PM edu.wpi.always.srummy.StartGamingSequence$HumanResponds <init>
INFO: It's just a game
Feb 25, 2014 4:39:45 PM edu.wpi.always.srummy.StartGamingSequence$HumanResponds <init>
INFO: Well do your best
Feb 25, 2014 4:39:45 PM edu.wpi.always.srummy.StartGamingSequence$HumanResponds <init>
INFO: I won't let you
Feb 25, 2014 4:39:49 PM edu.wpi.always.srummy.StartGamingSequence$HumanResponds$1 run
INFO: User selected response: Well do your best
Feb 25, 2014 4:39:51 PM edu.wpi.always.srummy.SrummySchema logTheHappinessValue
INFO: Happiness value: 1
Feb 25, 2014 4:39:52 PM edu.wpi.always.srummy.SrummySchema logTheHappinessValue
INFO: Happiness value: 34
Feb 25, 2014 4:39:53 PM edu.wpi.always.srummy.SrummySchema logTheHappinessValue
INFO: Happiness value: 24
Feb 25, 2014 4:39:54 PM edu.wpi.always.srummy.SrummySchema logTheHappinessValue
INFO: Happiness value: 0
Feb 25, 2014 4:39:55 PM edu.wpi.always.srummy.SrummySchema logTheHappinessValue
INFO: Happiness value: 33
Feb 25, 2014 4:40:11 PM edu.wpi.always.srummy.SrummyClient receivedMessage
INFO: User melded: 0.8
Feb 25, 2014 4:40:18 PM edu.wpi.always.srummy.SrummyClient receivedMessage
INFO: User discarded: 0.4
Feb 25, 2014 4:40:19 PM edu.wpi.always.srummy.StartGamingSequence$HumanComments <init>
INFO: User Comment Options on a human move are:
Feb 25, 2014 4:40:19 PM edu.wpi.always.srummy.StartGamingSequence$HumanComments <init>
INFO: Here I go, meld!
Feb 25, 2014 4:40:19 PM edu.wpi.always.srummy.StartGamingSequence$HumanComments <init>
INFO: I got good cards!
Feb 25, 2014 4:40:19 PM edu.wpi.always.srummy.StartGamingSequence$HumanComments <init>
INFO: Best meld ever!
Feb 25, 2014 4:40:20 PM edu.wpi.always.srummy.SrummySchema logTheHappinessValue
INFO: Happiness value: 0
Feb 25, 2014 4:40:22 PM edu.wpi.always.srummy.SrummySchema logTheHappinessValue
INFO: Happiness value: 19
Feb 25, 2014 4:40:26 PM edu.wpi.always.srummy.StartGamingSequence$HumanComments$1 run
INFO: User selected response: Here I go, meld!
Feb 25, 2014 4:40:26 PM edu.wpi.always.srummy.StartGamingSequence$AgentResponds enter
INFO: Agent Responded: 
Feb 25, 2014 4:40:30 PM edu.wpi.always.srummy.SrummyClient receivedMessage
INFO: agent discarded: 0.4
Feb 25, 2014 4:40:39 PM edu.wpi.always.srummy.StartGamingSequence$HumanResponds <init>
INFO: User Response Options are:
Feb 25, 2014 4:40:39 PM edu.wpi.always.srummy.StartGamingSequence$HumanResponds <init>
INFO: Me too
Feb 25, 2014 4:40:39 PM edu.wpi.always.srummy.StartGamingSequence$HumanResponds <init>
INFO: It is fun to play with you
Feb 25, 2014 4:40:39 PM edu.wpi.always.srummy.StartGamingSequence$HumanResponds <init>
INFO: Good
Feb 25, 2014 4:40:44 PM edu.wpi.always.srummy.StartGamingSequence$HumanResponds$1 run
INFO: User selected response: Me too
Feb 25, 2014 4:40:45 PM edu.wpi.always.srummy.SrummySchema logTheHappinessValue
INFO: Happiness value: 52
Feb 25, 2014 4:40:49 PM edu.wpi.always.srummy.SrummySchema logTheHappinessValue
INFO: Happiness value: 43
Feb 25, 2014 4:40:50 PM edu.wpi.always.srummy.SrummySchema logTheHappinessValue
INFO: Happiness value: 62
Feb 25, 2014 4:40:52 PM edu.wpi.always.srummy.SrummyClient receivedMessage
INFO: User discarded: 0.4
Feb 25, 2014 4:40:54 PM edu.wpi.always.srummy.SrummyClient receivedMessage
INFO: agent discarded: 0.4
Feb 25, 2014 4:40:54 PM edu.wpi.always.srummy.SrummySchema logTheHappinessValue
INFO: Happiness value: 18
Feb 25, 2014 4:40:55 PM edu.wpi.always.srummy.SrummySchema logTheHappinessValue
INFO: Happiness value: 36
Feb 25, 2014 4:40:59 PM edu.wpi.always.srummy.SrummySchema logTheHappinessValue
INFO: Happiness value: 0
Feb 25, 2014 4:41:00 PM edu.wpi.always.srummy.StartGamingSequence$HumanComments <init>
INFO: User Comment Options on a agent move are:
Feb 25, 2014 4:41:00 PM edu.wpi.always.srummy.StartGamingSequence$HumanComments <init>
INFO: I like playing with you
Feb 25, 2014 4:41:00 PM edu.wpi.always.srummy.StartGamingSequence$HumanComments <init>
INFO: You do play very well
Feb 25, 2014 4:41:04 PM edu.wpi.always.srummy.StartGamingSequence$HumanComments$1 run
INFO: User selected response: You do play very well
Feb 25, 2014 4:41:04 PM edu.wpi.always.srummy.StartGamingSequence$AgentResponds enter
INFO: Agent Responded: I have to do more melds then
Feb 25, 2014 4:41:05 PM edu.wpi.always.srummy.SrummySchema logTheHappinessValue
INFO: Happiness value: 52
Feb 25, 2014 4:41:11 PM edu.wpi.always.srummy.SrummySchema logTheHappinessValue
INFO: Happiness value: 70
Feb 25, 2014 4:41:16 PM edu.wpi.always.srummy.SrummySchema logTheHappinessValue
INFO: Happiness value: 26
Feb 25, 2014 4:41:17 PM edu.wpi.always.srummy.SrummySchema logTheHappinessValue
INFO: Happiness value: 40
Feb 25, 2014 4:41:18 PM edu.wpi.always.srummy.SrummySchema logTheHappinessValue
INFO: Happiness value: 41
Feb 25, 2014 4:41:22 PM edu.wpi.always.srummy.SrummyClient receivedMessage
INFO: User discarded: 0.4
Feb 25, 2014 4:41:23 PM edu.wpi.always.srummy.SrummySchema logTheHappinessValue
INFO: Happiness value: 6
Feb 25, 2014 4:41:23 PM edu.wpi.always.srummy.SrummySchema logTheHappinessValue
INFO: Happiness value: 29
Feb 25, 2014 4:41:25 PM edu.wpi.always.srummy.SrummySchema logTheHappinessValue
INFO: Happiness value: 0
Feb 25, 2014 4:41:25 PM edu.wpi.always.srummy.StartGamingSequence$HumanResponds <init>
INFO: User Response Options are:
Feb 25, 2014 4:41:25 PM edu.wpi.always.srummy.StartGamingSequence$HumanResponds <init>
INFO: Well go ahead
Feb 25, 2014 4:41:25 PM edu.wpi.always.srummy.StartGamingSequence$HumanResponds <init>
INFO: Show me what you can do!
Feb 25, 2014 4:41:25 PM edu.wpi.always.srummy.StartGamingSequence$HumanResponds <init>
INFO: Good
Feb 25, 2014 4:41:27 PM edu.wpi.always.srummy.SrummySchema logTheHappinessValue
INFO: Happiness value: 74
Feb 25, 2014 4:41:27 PM edu.wpi.always.srummy.SrummySchema logTheHappinessValue
INFO: Happiness value: 2
Feb 25, 2014 4:41:28 PM edu.wpi.always.srummy.SrummySchema logTheHappinessValue
INFO: Happiness value: 42
Feb 25, 2014 4:41:28 PM edu.wpi.always.srummy.StartGamingSequence$HumanResponds$1 run
INFO: User selected response: Show me what you can do!
Feb 25, 2014 4:41:28 PM edu.wpi.always.srummy.SrummySchema logTheHappinessValue
INFO: Happiness value: 0
Feb 25, 2014 4:41:29 PM edu.wpi.always.srummy.SrummyClient receivedMessage
INFO: agent discarded: 0.4
Feb 25, 2014 4:41:35 PM edu.wpi.always.srummy.StartGamingSequence$HumanComments <init>
INFO: User Comment Options on a agent move are:
Feb 25, 2014 4:41:35 PM edu.wpi.always.srummy.StartGamingSequence$HumanComments <init>
INFO: I like playing with you
Feb 25, 2014 4:41:35 PM edu.wpi.always.srummy.StartGamingSequence$HumanComments <init>
INFO: You do play very well
Feb 25, 2014 4:41:40 PM edu.wpi.always.srummy.StartGamingSequence$HumanComments$1 run
INFO: User selected response: You do play very well
Feb 25, 2014 4:41:40 PM edu.wpi.always.srummy.StartGamingSequence$AgentResponds enter
INFO: Agent Responded: Thank you very much, you too
Feb 25, 2014 4:41:40 PM edu.wpi.always.srummy.SrummySchema logTheHappinessValue
INFO: Happiness value: 44
Feb 25, 2014 4:41:41 PM edu.wpi.always.srummy.SrummySchema logTheHappinessValue
INFO: Happiness value: 27
Feb 25, 2014 4:41:43 PM edu.wpi.always.srummy.SrummySchema logTheHappinessValue
INFO: Happiness value: 58
Feb 25, 2014 4:41:46 PM edu.wpi.always.srummy.SrummySchema logTheHappinessValue
INFO: Happiness value: 32
Feb 25, 2014 4:41:48 PM edu.wpi.always.srummy.SrummySchema logTheHappinessValue
INFO: Happiness value: 0
Feb 25, 2014 4:41:48 PM edu.wpi.always.srummy.SrummySchema logTheHappinessValue
INFO: Happiness value: 7
Feb 25, 2014 4:41:49 PM edu.wpi.always.srummy.SrummySchema logTheHappinessValue
INFO: Happiness value: 0
Feb 25, 2014 4:41:51 PM edu.wpi.always.srummy.SrummySchema logTheHappinessValue
INFO: Happiness value: 52
Feb 25, 2014 4:41:53 PM edu.wpi.always.srummy.SrummySchema logTheHappinessValue
INFO: Happiness value: 67
Feb 25, 2014 4:41:53 PM edu.wpi.always.srummy.SrummyClient receivedMessage
INFO: User melded: 0.8
Feb 25, 2014 4:41:54 PM edu.wpi.always.srummy.SrummySchema logTheHappinessValue
INFO: Happiness value: 54
Feb 25, 2014 4:41:55 PM edu.wpi.always.srummy.SrummySchema logTheHappinessValue
INFO: Happiness value: 16
Feb 25, 2014 4:41:55 PM edu.wpi.always.srummy.SrummySchema logTheHappinessValue
INFO: Happiness value: 13
Feb 25, 2014 4:41:56 PM edu.wpi.always.srummy.SrummyClient receivedMessage
INFO: User discarded: 0.4
Feb 25, 2014 4:41:56 PM edu.wpi.always.srummy.StartGamingSequence$HumanComments <init>
INFO: User Comment Options on a human move are:
Feb 25, 2014 4:41:56 PM edu.wpi.always.srummy.StartGamingSequence$HumanComments <init>
INFO: Here I go, meld!
Feb 25, 2014 4:41:56 PM edu.wpi.always.srummy.StartGamingSequence$HumanComments <init>
INFO: I got good cards!
Feb 25, 2014 4:41:56 PM edu.wpi.always.srummy.StartGamingSequence$HumanComments <init>
INFO: Best meld ever!
Feb 25, 2014 4:41:57 PM edu.wpi.always.srummy.SrummySchema logTheHappinessValue
INFO: Happiness value: 25
Feb 25, 2014 4:41:57 PM edu.wpi.always.srummy.SrummySchema logTheHappinessValue
INFO: Happiness value: 0
Feb 25, 2014 4:42:00 PM edu.wpi.always.srummy.StartGamingSequence$HumanComments$1 run
INFO: User selected response: I got good cards!
Feb 25, 2014 4:42:00 PM edu.wpi.always.srummy.StartGamingSequence$AgentResponds enter
INFO: Agent Responded: Thank you very much, you too
Feb 25, 2014 4:42:04 PM edu.wpi.always.srummy.SrummyClient receivedMessage
INFO: agent laid off: 0.6
Feb 25, 2014 4:42:05 PM edu.wpi.always.srummy.SrummySchema logTheHappinessValue
INFO: Happiness value: 2
Feb 25, 2014 4:42:06 PM edu.wpi.always.srummy.SrummySchema logTheHappinessValue
INFO: Happiness value: 54
Feb 25, 2014 4:42:07 PM edu.wpi.always.srummy.SrummySchema logTheHappinessValue
INFO: Happiness value: 41
Feb 25, 2014 4:42:07 PM edu.wpi.always.srummy.SrummySchema logTheHappinessValue
INFO: Happiness value: 47
Feb 25, 2014 4:42:10 PM edu.wpi.always.srummy.SrummyClient receivedMessage
INFO: agent discarded: 0.4
Feb 25, 2014 4:42:14 PM edu.wpi.always.srummy.StartGamingSequence$HumanResponds <init>
INFO: User Response Options are:
Feb 25, 2014 4:42:14 PM edu.wpi.always.srummy.StartGamingSequence$HumanResponds <init>
INFO: Good
Feb 25, 2014 4:42:14 PM edu.wpi.always.srummy.StartGamingSequence$HumanResponds <init>
INFO: Not so soon
Feb 25, 2014 4:42:14 PM edu.wpi.always.srummy.StartGamingSequence$HumanResponds <init>
INFO: Wait for my moves
Feb 25, 2014 4:42:16 PM edu.wpi.always.srummy.SrummySchema logTheHappinessValue
INFO: Happiness value: 8
Feb 25, 2014 4:42:18 PM edu.wpi.always.srummy.SrummySchema logTheHappinessValue
INFO: Happiness value: 31
Feb 25, 2014 4:42:19 PM edu.wpi.always.srummy.StartGamingSequence$HumanResponds$1 run
INFO: User selected response: Wait for my moves
Feb 25, 2014 4:42:19 PM edu.wpi.always.srummy.SrummySchema logTheHappinessValue
INFO: Happiness value: 0
Feb 25, 2014 4:42:20 PM edu.wpi.always.srummy.SrummySchema logTheHappinessValue
INFO: Happiness value: 19
Feb 25, 2014 4:42:20 PM edu.wpi.always.srummy.SrummySchema logTheHappinessValue
INFO: Happiness value: 65
Feb 25, 2014 4:42:21 PM edu.wpi.always.srummy.SrummySchema logTheHappinessValue
INFO: Happiness value: 62
Feb 25, 2014 4:42:21 PM edu.wpi.always.srummy.SrummySchema logTheHappinessValue
INFO: Happiness value: 22
Feb 25, 2014 4:42:22 PM edu.wpi.always.srummy.SrummySchema logTheHappinessValue
INFO: Happiness value: 50
Feb 25, 2014 4:42:23 PM edu.wpi.always.srummy.SrummySchema logTheHappinessValue
INFO: Happiness value: 23
Feb 25, 2014 4:42:23 PM edu.wpi.always.srummy.SrummySchema logTheHappinessValue
INFO: Happiness value: 6
Feb 25, 2014 4:42:26 PM edu.wpi.always.srummy.SrummySchema logTheHappinessValue
INFO: Happiness value: 7
Feb 25, 2014 4:42:29 PM edu.wpi.always.srummy.SrummyClient receivedMessage
INFO: User discarded: 0.4
Feb 25, 2014 4:42:30 PM edu.wpi.always.srummy.SrummySchema logTheHappinessValue
INFO: Happiness value: 50
Feb 25, 2014 4:42:30 PM edu.wpi.always.srummy.SrummySchema logTheHappinessValue
INFO: Happiness value: 23
Feb 25, 2014 4:42:31 PM edu.wpi.always.srummy.SrummyClient receivedMessage
INFO: agent discarded: 0.4
Feb 25, 2014 4:42:31 PM edu.wpi.always.srummy.SrummySchema logTheHappinessValue
INFO: Happiness value: 7
Feb 25, 2014 4:42:31 PM edu.wpi.always.srummy.SrummySchema logTheHappinessValue
INFO: Happiness value: 4
Feb 25, 2014 4:42:40 PM edu.wpi.always.srummy.StartGamingSequence$HumanResponds <init>
INFO: User Response Options are:
Feb 25, 2014 4:42:40 PM edu.wpi.always.srummy.StartGamingSequence$HumanResponds <init>
INFO: Me too
Feb 25, 2014 4:42:40 PM edu.wpi.always.srummy.StartGamingSequence$HumanResponds <init>
INFO: It is fun to play with you
Feb 25, 2014 4:42:40 PM edu.wpi.always.srummy.StartGamingSequence$HumanResponds <init>
INFO: Good
Feb 25, 2014 4:42:43 PM edu.wpi.always.srummy.StartGamingSequence$HumanResponds$1 run
INFO: User selected response: It is fun to play with you
Feb 25, 2014 4:42:43 PM edu.wpi.always.srummy.SrummySchema logTheHappinessValue
INFO: Happiness value: 0
Feb 25, 2014 4:42:44 PM edu.wpi.always.srummy.SrummySchema logTheHappinessValue
INFO: Happiness value: 17
Feb 25, 2014 4:42:49 PM edu.wpi.always.srummy.SrummyClient receivedMessage
INFO: User discarded: 0.4
Feb 25, 2014 4:42:49 PM edu.wpi.always.srummy.SrummySchema logTheHappinessValue
INFO: Happiness value: 65
Feb 25, 2014 4:42:49 PM edu.wpi.always.srummy.SrummySchema logTheHappinessValue
INFO: Happiness value: 34
Feb 25, 2014 4:42:50 PM edu.wpi.always.srummy.SrummySchema logTheHappinessValue
INFO: Happiness value: 8
Feb 25, 2014 4:42:50 PM edu.wpi.always.srummy.SrummySchema logTheHappinessValue
INFO: Happiness value: 0
Feb 25, 2014 4:42:50 PM edu.wpi.always.srummy.SrummyClient receivedMessage
INFO: agent discarded: 0.4
Feb 25, 2014 4:42:57 PM edu.wpi.always.srummy.StartGamingSequence$HumanComments <init>
INFO: User Comment Options on a agent move are:
Feb 25, 2014 4:42:57 PM edu.wpi.always.srummy.StartGamingSequence$HumanComments <init>
INFO: I like playing with you
Feb 25, 2014 4:42:57 PM edu.wpi.always.srummy.StartGamingSequence$HumanComments <init>
INFO: You do play very well
Feb 25, 2014 4:43:01 PM edu.wpi.always.srummy.StartGamingSequence$HumanComments$1 run
INFO: User selected response: You do play very well
Feb 25, 2014 4:43:01 PM edu.wpi.always.srummy.StartGamingSequence$AgentResponds enter
INFO: Agent Responded: Hey, not so soon!
Feb 25, 2014 4:43:07 PM edu.wpi.always.srummy.SrummySchema logTheHappinessValue
INFO: Happiness value: 14
Feb 25, 2014 4:43:10 PM edu.wpi.always.srummy.SrummySchema logTheHappinessValue
INFO: Happiness value: 33
Feb 25, 2014 4:43:10 PM edu.wpi.always.srummy.SrummyClient receivedMessage
INFO: User discarded: 0.4
Feb 25, 2014 4:43:12 PM edu.wpi.always.srummy.SrummySchema logTheHappinessValue
INFO: Happiness value: 0
Feb 25, 2014 4:43:14 PM edu.wpi.always.srummy.StartGamingSequence$HumanResponds <init>
INFO: User Response Options are:
Feb 25, 2014 4:43:14 PM edu.wpi.always.srummy.StartGamingSequence$HumanResponds <init>
INFO: Don't forget the toppings, I had jalapeno
Feb 25, 2014 4:43:14 PM edu.wpi.always.srummy.StartGamingSequence$HumanResponds <init>
INFO: It was so delicious, you should, oh wait, you can't
Feb 25, 2014 4:43:14 PM edu.wpi.always.srummy.StartGamingSequence$HumanResponds <init>
INFO: At least I eat!
Feb 25, 2014 4:43:22 PM edu.wpi.always.srummy.SrummySchema logTheHappinessValue
INFO: Happiness value: 15
Feb 25, 2014 4:43:22 PM edu.wpi.always.srummy.SrummySchema logTheHappinessValue
INFO: Happiness value: 0
Feb 25, 2014 4:43:22 PM edu.wpi.always.srummy.SrummyClient receivedMessage
INFO: agent discarded: 0.4
Feb 25, 2014 4:43:26 PM edu.wpi.always.srummy.SrummySchema logTheHappinessValue
INFO: Happiness value: 7
Feb 25, 2014 4:43:28 PM edu.wpi.always.srummy.StartGamingSequence$HumanComments <init>
INFO: User Comment Options on a agent move are:
Feb 25, 2014 4:43:28 PM edu.wpi.always.srummy.StartGamingSequence$HumanComments <init>
INFO: I like playing with you
Feb 25, 2014 4:43:28 PM edu.wpi.always.srummy.StartGamingSequence$HumanComments <init>
INFO: You do play very well
Feb 25, 2014 4:43:32 PM edu.wpi.always.srummy.StartGamingSequence$HumanComments$1 run
INFO: User selected response: You do play very well
Feb 25, 2014 4:43:32 PM edu.wpi.always.srummy.StartGamingSequence$AgentResponds enter
INFO: Agent Responded: I learn from smart people like you
Feb 25, 2014 4:43:33 PM edu.wpi.always.srummy.SrummySchema logTheHappinessValue
INFO: Happiness value: 32
Feb 25, 2014 4:43:39 PM edu.wpi.always.srummy.SrummyClient receivedMessage
INFO: User discarded: 0.4
Feb 25, 2014 4:43:39 PM edu.wpi.always.srummy.SrummySchema logTheHappinessValue
INFO: Happiness value: 0
Feb 25, 2014 4:43:40 PM edu.wpi.always.srummy.SrummySchema logTheHappinessValue
INFO: Happiness value: 38
Feb 25, 2014 4:43:41 PM edu.wpi.always.srummy.SrummyClient receivedMessage
INFO: agent melded: 0.8
Feb 25, 2014 4:43:41 PM edu.wpi.always.srummy.SrummySchema logTheHappinessValue
INFO: Happiness value: 0
Feb 25, 2014 4:43:47 PM edu.wpi.always.srummy.SrummyClient receivedMessage
INFO: agent discarded: 0.4
Feb 25, 2014 4:43:48 PM edu.wpi.always.srummy.StartGamingSequence$HumanComments <init>
INFO: User Comment Options on a agent move are:
Feb 25, 2014 4:43:48 PM edu.wpi.always.srummy.StartGamingSequence$HumanComments <init>
INFO: These melds are not gonna make you win
Feb 25, 2014 4:43:48 PM edu.wpi.always.srummy.StartGamingSequence$HumanComments <init>
INFO: I can do a better meld!
Feb 25, 2014 4:43:48 PM edu.wpi.always.srummy.StartGamingSequence$HumanComments <init>
INFO: Good meld
Feb 25, 2014 4:43:48 PM edu.wpi.always.srummy.StartGamingSequence$gameOverDialogueByHuman <init>
INFO: Game Over, agent wins.
Feb 25, 2014 4:43:48 PM edu.wpi.always.srummy.StartGamingSequence$gameOverDialogueByHuman <init>
INFO: Game Over - comment options by user: 
Feb 25, 2014 4:43:48 PM edu.wpi.always.srummy.StartGamingSequence$gameOverDialogueByHuman <init>
INFO: These melds are not gonna make you win
Feb 25, 2014 4:43:48 PM edu.wpi.always.srummy.StartGamingSequence$gameOverDialogueByHuman <init>
INFO: I can do a better meld!
Feb 25, 2014 4:43:48 PM edu.wpi.always.srummy.StartGamingSequence$gameOverDialogueByHuman <init>
INFO: Good meld
Feb 25, 2014 4:43:48 PM edu.wpi.always.srummy.StartGamingSequence$gameOverDialogueByHuman <init>
INFO: Game Over, agent wins.
Feb 25, 2014 4:43:48 PM edu.wpi.always.srummy.StartGamingSequence$gameOverDialogueByHuman <init>
INFO: Game Over - comment options by user: 
Feb 25, 2014 4:43:48 PM edu.wpi.always.srummy.StartGamingSequence$gameOverDialogueByHuman <init>
INFO: These melds are not gonna make you win
Feb 25, 2014 4:43:48 PM edu.wpi.always.srummy.StartGamingSequence$gameOverDialogueByHuman <init>
INFO: I can do a better meld!
Feb 25, 2014 4:43:48 PM edu.wpi.always.srummy.StartGamingSequence$gameOverDialogueByHuman <init>
INFO: Good meld
Feb 25, 2014 4:43:54 PM edu.wpi.always.srummy.StartGamingSequence$gameOverDialogueByHuman$1 run
INFO: Game Over - comment chosen by user: Good meld
Feb 25, 2014 4:43:54 PM edu.wpi.always.srummy.StartGamingSequence$gameOverDialogueResponseByAgent enter
INFO: Game over, Agent Responded: Such encouragement to hear that!
Feb 25, 2014 4:43:57 PM edu.wpi.always.srummy.StartGamingSequence$gameOver enter
INFO: Participant conclusion, end of log
